=== Job 1033 started at Sat Nov 15 08:38:40 UTC 2025 on gpu-workers-0 ===
=== Running: flwr run . cluster-gpu ===
Loading project configuration... 
Success
[92mINFO [0m:      Device: AMD Instinct MI300X VF
[92mINFO [0m:      W&B disabled (credentials not provided). Set WANDB_API_KEY, WANDB_ENTITY, and WANDB_PROJECT to enable.
Downloading: "https://download.pytorch.org/models/efficientnet_b0_rwightman-7f5810bc.pth" to /tmp/job-1033/xdg-cache/torch/hub/checkpoints/efficientnet_b0_rwightman-7f5810bc.pth
  0%|          | 0.00/20.5M [00:00<?, ?B/s] 47%|â–ˆâ–ˆâ–ˆâ–ˆâ–‹     | 9.62M/20.5M [00:00<00:00, 100MB/s] 94%|â–ˆâ–ˆâ–ˆâ–ˆâ–ˆâ–ˆâ–ˆâ–ˆâ–ˆâ–| 19.2M/20.5M [00:00<00:00, 97.9MB/s]100%|â–ˆâ–ˆâ–ˆâ–ˆâ–ˆâ–ˆâ–ˆâ–ˆâ–ˆâ–ˆ| 20.5M/20.5M [00:00<00:00, 101MB/s] 
[92mINFO [0m:      Starting HackathonFedAvg strategy:
[92mINFO [0m:      	â”œâ”€â”€ Number of rounds: 100
[92mINFO [0m:      	â”œâ”€â”€ ArrayRecord (15.49 MB)
[92mINFO [0m:      	â”œâ”€â”€ ConfigRecord (train): {'lr': 0.03}
[92mINFO [0m:      	â”œâ”€â”€ ConfigRecord (evaluate): (empty!)
[92mINFO [0m:      	â”œâ”€â”€> Sampling:
[92mINFO [0m:      	â”‚	â”œâ”€â”€Fraction: train (1.00) | evaluate ( 1.00)
[92mINFO [0m:      	â”‚	â”œâ”€â”€Minimum nodes: train (2) | evaluate (2)
[92mINFO [0m:      	â”‚	â””â”€â”€Minimum available nodes: 2
[92mINFO [0m:      	â””â”€â”€> Keys in records:
[92mINFO [0m:      		â”œâ”€â”€ Weighted by: 'num-examples'
[92mINFO [0m:      		â”œâ”€â”€ ArrayRecord key: 'arrays'
[92mINFO [0m:      		â””â”€â”€ ConfigRecord key: 'config'
[92mINFO [0m:      
[92mINFO [0m:      
[92mINFO [0m:      [ROUND 1/100]
[92mINFO [0m:      configure_train: Sampled 3 nodes (out of 3)
[36m(ClientAppActor pid=607055)[0m /usr/lib/python3.12/multiprocessing/popen_fork.py:66: DeprecationWarning: This process (pid=607055) is multi-threaded, use of fork() may lead to deadlocks in the child.
[36m(ClientAppActor pid=607055)[0m   self.pid = os.fork()
[36m(ClientAppActor pid=607054)[0m /scratch/hackathon-venv/lib/python3.12/site-packages/torch/utils/data/_utils/pin_memory.py:57: DeprecationWarning: The argument 'device' of Tensor.pin_memory() is deprecated. Please do not pass this argument. (Triggered internally at /pytorch/aten/src/ATen/native/Memory.cpp:46.)
[36m(ClientAppActor pid=607054)[0m   return data.pin_memory(device)
[36m(ClientAppActor pid=607054)[0m /scratch/hackathon-venv/lib/python3.12/site-packages/torch/utils/data/_utils/pin_memory.py:57: DeprecationWarning: The argument 'device' of Tensor.is_pinned() is deprecated. Please do not pass this argument. (Triggered internally at /pytorch/aten/src/ATen/native/Memory.cpp:31.)
[36m(ClientAppActor pid=607054)[0m   return data.pin_memory(device)
[92mINFO [0m:      aggregate_train: Received 3 results and 0 failures
[92mINFO [0m:      	â””â”€â”€> Aggregated MetricRecord: {'partition-id': 0.7453931785883467, 'train_loss': 0.43946903335627896}
[92mINFO [0m:      configure_evaluate: Sampled 3 nodes (out of 3)
[92mINFO [0m:      METRICS BY HOSPITAL
[92mINFO [0m:        HospitalC (n=2730):
[92mINFO [0m:          auroc       : 0.6142
[92mINFO [0m:          eval_loss   : 0.7430
[92mINFO [0m:          sensitivity : 0.0000
[92mINFO [0m:          specificity : 1.0000
[92mINFO [0m:          precision   : 0.0000
[92mINFO [0m:          f1          : 0.0000
[92mINFO [0m:        HospitalB (n=2860):
[92mINFO [0m:          auroc       : 0.5995
[92mINFO [0m:          eval_loss   : 0.6636
[92mINFO [0m:          sensitivity : 0.0000
[92mINFO [0m:          specificity : 1.0000
[92mINFO [0m:          precision   : 0.0000
[92mINFO [0m:          f1          : 0.0000
[92mINFO [0m:        HospitalA (n=5490):
[92mINFO [0m:          auroc       : 0.6165
[92mINFO [0m:          eval_loss   : 0.7164
[92mINFO [0m:          sensitivity : 0.0000
[92mINFO [0m:          specificity : 1.0000
[92mINFO [0m:          precision   : 0.0000
[92mINFO [0m:          f1          : 0.0000
[92mINFO [0m:      AGGREGATED METRICS:
[92mINFO [0m:        auroc       : 0.6176
[92mINFO [0m:        sensitivity : 0.0000
[92mINFO [0m:        specificity : 1.0000
[92mINFO [0m:        precision   : 0.0000
[92mINFO [0m:        f1          : 0.0000
[92mINFO [0m:      âœ“ New best model! Round 1, AUROC: 0.6176
[92mINFO [0m:        Model saved to models/job1033_rollv2-003_round1_auroc6175.pt
[92mINFO [0m:      	â””â”€â”€> Aggregated MetricRecord: {'auroc': 0.6175523495238341, 'sensitivity': 0.0, 'specificity': 1.0, 'precision': 0.0, 'f1': 0.0}
[92mINFO [0m:      
[92mINFO [0m:      [ROUND 2/100]
[92mINFO [0m:      configure_train: Sampled 3 nodes (out of 3)
[92mINFO [0m:      aggregate_train: Received 3 results and 0 failures
[92mINFO [0m:      	â””â”€â”€> Aggregated MetricRecord: {'partition-id': 0.7453931785883467, 'train_loss': 0.17099789411021477}
[92mINFO [0m:      configure_evaluate: Sampled 3 nodes (out of 3)
[92mINFO [0m:      METRICS BY HOSPITAL
[92mINFO [0m:        HospitalC (n=2730):
[92mINFO [0m:          auroc       : 0.7139
[92mINFO [0m:          eval_loss   : 0.6829
[92mINFO [0m:          sensitivity : 1.0000
[92mINFO [0m:          specificity : 0.0000
[92mINFO [0m:          precision   : 0.5183
[92mINFO [0m:          f1          : 0.6828
[92mINFO [0m:        HospitalB (n=2860):
[92mINFO [0m:          auroc       : 0.7544
[92mINFO [0m:          eval_loss   : 0.7044
[92mINFO [0m:          sensitivity : 1.0000
[92mINFO [0m:          specificity : 0.0000
[92mINFO [0m:          precision   : 0.3787
[92mINFO [0m:          f1          : 0.5493
[92mINFO [0m:        HospitalA (n=5490):
[92mINFO [0m:          auroc       : 0.7427
[92mINFO [0m:          eval_loss   : 0.6904
[92mINFO [0m:          sensitivity : 1.0000
[92mINFO [0m:          specificity : 0.0000
[92mINFO [0m:          precision   : 0.4709
[92mINFO [0m:          f1          : 0.6402
[92mINFO [0m:      AGGREGATED METRICS:
[92mINFO [0m:        auroc       : 0.7424
[92mINFO [0m:        sensitivity : 1.0000
[92mINFO [0m:        specificity : 0.0000
[92mINFO [0m:        precision   : 0.4588
[92mINFO [0m:        f1          : 0.6290
[92mINFO [0m:      âœ“ New best model! Round 2, AUROC: 0.7424
[92mINFO [0m:        Model saved to models/job1033_rollv2-003_round2_auroc7424.pt
[92mINFO [0m:      	â””â”€â”€> Aggregated MetricRecord: {'auroc': 0.7424472285982324, 'sensitivity': 1.0, 'specificity': 0.0, 'precision': 0.4587545126353791, 'f1': 0.6289673946668316}
[92mINFO [0m:      
[92mINFO [0m:      [ROUND 3/100]
[92mINFO [0m:      configure_train: Sampled 3 nodes (out of 3)
[92mINFO [0m:      aggregate_train: Received 3 results and 0 failures
[92mINFO [0m:      	â””â”€â”€> Aggregated MetricRecord: {'partition-id': 0.7453931785883467, 'train_loss': 0.19391529831178714}
[92mINFO [0m:      configure_evaluate: Sampled 3 nodes (out of 3)
[92mINFO [0m:      METRICS BY HOSPITAL
[92mINFO [0m:        HospitalC (n=2730):
[92mINFO [0m:          auroc       : 0.7064
[92mINFO [0m:          eval_loss   : 0.6859
[92mINFO [0m:          sensitivity : 0.8756
[92mINFO [0m:          specificity : 0.3422
[92mINFO [0m:          precision   : 0.5889
[92mINFO [0m:          f1          : 0.7042
[92mINFO [0m:        HospitalB (n=2860):
[92mINFO [0m:          auroc       : 0.7344
[92mINFO [0m:          eval_loss   : 0.6885
[92mINFO [0m:          sensitivity : 0.8255
[92mINFO [0m:          specificity : 0.4434
[92mINFO [0m:          precision   : 0.4748
[92mINFO [0m:          f1          : 0.6028
[92mINFO [0m:        HospitalA (n=5490):
[92mINFO [0m:          auroc       : 0.7372
[92mINFO [0m:          eval_loss   : 0.6865
[92mINFO [0m:          sensitivity : 0.8963
[92mINFO [0m:          specificity : 0.3504
[92mINFO [0m:          precision   : 0.5511
[92mINFO [0m:          f1          : 0.6826
[92mINFO [0m:      AGGREGATED METRICS:
[92mINFO [0m:        auroc       : 0.7339
[92mINFO [0m:        sensitivity : 0.8755
[92mINFO [0m:        specificity : 0.3762
[92mINFO [0m:        precision   : 0.5433
[92mINFO [0m:        f1          : 0.6705
[92mINFO [0m:        Model not saved (AUROC 0.7339 â‰¤ best 0.7424)
[92mINFO [0m:      	â””â”€â”€> Aggregated MetricRecord: {'auroc': 0.7339290997718677, 'sensitivity': 0.8754672437536888, 'specificity': 0.3761880940470235, 'precision': 0.5432792088878037, 'f1': 0.6704836522525237}
[92mINFO [0m:      
[92mINFO [0m:      [ROUND 4/100]
[92mINFO [0m:      configure_train: Sampled 3 nodes (out of 3)
[92mINFO [0m:      aggregate_train: Received 3 results and 0 failures
[92mINFO [0m:      	â””â”€â”€> Aggregated MetricRecord: {'partition-id': 0.7453931785883467, 'train_loss': 0.18299269537001417}
[92mINFO [0m:      configure_evaluate: Sampled 3 nodes (out of 3)
[92mINFO [0m:      METRICS BY HOSPITAL
[92mINFO [0m:        HospitalC (n=2730):
[92mINFO [0m:          auroc       : 0.7239
[92mINFO [0m:          eval_loss   : 0.6577
[92mINFO [0m:          sensitivity : 0.9152
[92mINFO [0m:          specificity : 0.2996
[92mINFO [0m:          precision   : 0.5844
[92mINFO [0m:          f1          : 0.7133
[92mINFO [0m:        HospitalB (n=2860):
[92mINFO [0m:          auroc       : 0.7708
[92mINFO [0m:          eval_loss   : 0.6702
[92mINFO [0m:          sensitivity : 0.8809
[92mINFO [0m:          specificity : 0.4271
[92mINFO [0m:          precision   : 0.4838
[92mINFO [0m:          f1          : 0.6245
[92mINFO [0m:        HospitalA (n=5490):
[92mINFO [0m:          auroc       : 0.7519
[92mINFO [0m:          eval_loss   : 0.6639
[92mINFO [0m:          sensitivity : 0.9277
[92mINFO [0m:          specificity : 0.2764
[92mINFO [0m:          precision   : 0.5329
[92mINFO [0m:          f1          : 0.6769
[92mINFO [0m:      AGGREGATED METRICS:
[92mINFO [0m:        auroc       : 0.7537
[92mINFO [0m:        sensitivity : 0.9142
[92mINFO [0m:        specificity : 0.3262
[92mINFO [0m:        precision   : 0.5349
[92mINFO [0m:        f1          : 0.6749
[92mINFO [0m:      âœ“ New best model! Round 4, AUROC: 0.7537
[92mINFO [0m:        Model saved to models/job1033_rollv2-003_round4_auroc7537.pt
[92mINFO [0m:      	â””â”€â”€> Aggregated MetricRecord: {'auroc': 0.7537203581133475, 'sensitivity': 0.9142238835333465, 'specificity': 0.3261630815407704, 'precision': 0.5348756906077348, 'f1': 0.6748965216759857}
[92mINFO [0m:      
[92mINFO [0m:      [ROUND 5/100]
[92mINFO [0m:      configure_train: Sampled 3 nodes (out of 3)
[92mINFO [0m:      aggregate_train: Received 3 results and 0 failures
[92mINFO [0m:      	â””â”€â”€> Aggregated MetricRecord: {'partition-id': 0.7453931785883467, 'train_loss': 0.19006232732135528}
[92mINFO [0m:      configure_evaluate: Sampled 3 nodes (out of 3)
[92mINFO [0m:      METRICS BY HOSPITAL
[92mINFO [0m:        HospitalC (n=2730):
[92mINFO [0m:          auroc       : 0.7239
[92mINFO [0m:          eval_loss   : 0.6542
[92mINFO [0m:          sensitivity : 0.6057
[92mINFO [0m:          specificity : 0.7293
[92mINFO [0m:          precision   : 0.7065
[92mINFO [0m:          f1          : 0.6522
[92mINFO [0m:        HospitalB (n=2860):
[92mINFO [0m:          auroc       : 0.7714
[92mINFO [0m:          eval_loss   : 0.6304
[92mINFO [0m:          sensitivity : 0.4838
[92mINFO [0m:          specificity : 0.8790
[92mINFO [0m:          precision   : 0.7091
[92mINFO [0m:          f1          : 0.5752
[92mINFO [0m:        HospitalA (n=5490):
[92mINFO [0m:          auroc       : 0.7535
[92mINFO [0m:          eval_loss   : 0.6450
[92mINFO [0m:          sensitivity : 0.6654
[92mINFO [0m:          specificity : 0.7370
[92mINFO [0m:          precision   : 0.6924
[92mINFO [0m:          f1          : 0.6786
[92mINFO [0m:      AGGREGATED METRICS:
[92mINFO [0m:        auroc       : 0.7545
[92mINFO [0m:        sensitivity : 0.6101
[92mINFO [0m:        specificity : 0.7774
[92mINFO [0m:        precision   : 0.6991
[92mINFO [0m:        f1          : 0.6515
[92mINFO [0m:      âœ“ New best model! Round 5, AUROC: 0.7545
[92mINFO [0m:        Model saved to models/job1033_rollv2-003_round5_auroc7545.pt
[92mINFO [0m:      	â””â”€â”€> Aggregated MetricRecord: {'auroc': 0.7545361309417251, 'sensitivity': 0.6100727916584694, 'specificity': 0.7773886943471736, 'precision': 0.6990532010820559, 'f1': 0.6515390272087405}
[92mINFO [0m:      
[92mINFO [0m:      [ROUND 6/100]
[92mINFO [0m:      configure_train: Sampled 3 nodes (out of 3)
[92mINFO [0m:      aggregate_train: Received 3 results and 0 failures
[92mINFO [0m:      	â””â”€â”€> Aggregated MetricRecord: {'partition-id': 0.7453931785883467, 'train_loss': 0.1703818186225291}
[92mINFO [0m:      configure_evaluate: Sampled 3 nodes (out of 3)
[92mINFO [0m:      METRICS BY HOSPITAL
[92mINFO [0m:        HospitalC (n=2730):
[92mINFO [0m:          auroc       : 0.7290
[92mINFO [0m:          eval_loss   : 0.6486
[92mINFO [0m:          sensitivity : 0.7286
[92mINFO [0m:          specificity : 0.6167
[92mINFO [0m:          precision   : 0.6717
[92mINFO [0m:          f1          : 0.6990
[92mINFO [0m:        HospitalB (n=2860):
[92mINFO [0m:          auroc       : 0.7804
[92mINFO [0m:          eval_loss   : 0.6335
[92mINFO [0m:          sensitivity : 0.6408
[92mINFO [0m:          specificity : 0.7822
[92mINFO [0m:          precision   : 0.6420
[92mINFO [0m:          f1          : 0.6414
[92mINFO [0m:        HospitalA (n=5490):
[92mINFO [0m:          auroc       : 0.7564
[92mINFO [0m:          eval_loss   : 0.6448
[92mINFO [0m:          sensitivity : 0.7756
[92mINFO [0m:          specificity : 0.6138
[92mINFO [0m:          precision   : 0.6412
[92mINFO [0m:          f1          : 0.7020
[92mINFO [0m:      AGGREGATED METRICS:
[92mINFO [0m:        auroc       : 0.7595
[92mINFO [0m:        sensitivity : 0.7338
[92mINFO [0m:        specificity : 0.6643
[92mINFO [0m:        precision   : 0.6495
[92mINFO [0m:        f1          : 0.6891
[92mINFO [0m:      âœ“ New best model! Round 6, AUROC: 0.7595
[92mINFO [0m:        Model saved to models/job1033_rollv2-003_round6_auroc7595.pt
[92mINFO [0m:      	â””â”€â”€> Aggregated MetricRecord: {'auroc': 0.759508008315916, 'sensitivity': 0.7338186110564627, 'specificity': 0.6643321660830416, 'precision': 0.6494863311857914, 'f1': 0.6890818400147792}
[92mINFO [0m:      
[92mINFO [0m:      [ROUND 7/100]
[92mINFO [0m:      configure_train: Sampled 3 nodes (out of 3)
[92mINFO [0m:      aggregate_train: Received 3 results and 0 failures
[92mINFO [0m:      	â””â”€â”€> Aggregated MetricRecord: {'partition-id': 0.7453931785883467, 'train_loss': 0.16300797581524973}
[92mINFO [0m:      configure_evaluate: Sampled 3 nodes (out of 3)
[92mINFO [0m:      METRICS BY HOSPITAL
[92mINFO [0m:        HospitalC (n=2730):
[92mINFO [0m:          auroc       : 0.7310
[92mINFO [0m:          eval_loss   : 0.6407
[92mINFO [0m:          sensitivity : 0.6297
[92mINFO [0m:          specificity : 0.7148
[92mINFO [0m:          precision   : 0.7038
[92mINFO [0m:          f1          : 0.6647
[92mINFO [0m:        HospitalB (n=2860):
[92mINFO [0m:          auroc       : 0.7777
[92mINFO [0m:          eval_loss   : 0.6121
[92mINFO [0m:          sensitivity : 0.5374
[92mINFO [0m:          specificity : 0.8520
[92mINFO [0m:          precision   : 0.6888
[92mINFO [0m:          f1          : 0.6037
[92mINFO [0m:        HospitalA (n=5490):
[92mINFO [0m:          auroc       : 0.7566
[92mINFO [0m:          eval_loss   : 0.6311
[92mINFO [0m:          sensitivity : 0.6905
[92mINFO [0m:          specificity : 0.7119
[92mINFO [0m:          precision   : 0.6808
[92mINFO [0m:          f1          : 0.6856
[92mINFO [0m:      AGGREGATED METRICS:
[92mINFO [0m:        auroc       : 0.7595
[92mINFO [0m:        sensitivity : 0.6410
[92mINFO [0m:        specificity : 0.7540
[92mINFO [0m:        precision   : 0.6884
[92mINFO [0m:        f1          : 0.6638
[92mINFO [0m:        Model not saved (AUROC 0.7595 â‰¤ best 0.7595)
[92mINFO [0m:      	â””â”€â”€> Aggregated MetricRecord: {'auroc': 0.7594686909983945, 'sensitivity': 0.6409600629549479, 'specificity': 0.7540436885109222, 'precision': 0.6883583350940207, 'f1': 0.6638141809290953}
[92mINFO [0m:      
[92mINFO [0m:      [ROUND 8/100]
[92mINFO [0m:      configure_train: Sampled 3 nodes (out of 3)
[92mINFO [0m:      aggregate_train: Received 3 results and 0 failures
[92mINFO [0m:      	â””â”€â”€> Aggregated MetricRecord: {'partition-id': 0.7453931785883467, 'train_loss': 0.1709542662621218}
[92mINFO [0m:      configure_evaluate: Sampled 3 nodes (out of 3)
[92mINFO [0m:      METRICS BY HOSPITAL
[92mINFO [0m:        HospitalC (n=2730):
[92mINFO [0m:          auroc       : 0.7311
[92mINFO [0m:          eval_loss   : 0.6401
[92mINFO [0m:          sensitivity : 0.5901
[92mINFO [0m:          specificity : 0.7498
[92mINFO [0m:          precision   : 0.7174
[92mINFO [0m:          f1          : 0.6475
[92mINFO [0m:        HospitalB (n=2860):
[92mINFO [0m:          auroc       : 0.7829
[92mINFO [0m:          eval_loss   : 0.6025
[92mINFO [0m:          sensitivity : 0.4875
[92mINFO [0m:          specificity : 0.8886
[92mINFO [0m:          precision   : 0.7273
[92mINFO [0m:          f1          : 0.5837
[92mINFO [0m:        HospitalA (n=5490):
[92mINFO [0m:          auroc       : 0.7594
[92mINFO [0m:          eval_loss   : 0.6260
[92mINFO [0m:          sensitivity : 0.6379
[92mINFO [0m:          specificity : 0.7604
[92mINFO [0m:          precision   : 0.7032
[92mINFO [0m:          f1          : 0.6690
[92mINFO [0m:      AGGREGATED METRICS:
[92mINFO [0m:        auroc       : 0.7621
[92mINFO [0m:        sensitivity : 0.5926
[92mINFO [0m:        specificity : 0.7961
[92mINFO [0m:        precision   : 0.7112
[92mINFO [0m:        f1          : 0.6465
[92mINFO [0m:      âœ“ New best model! Round 8, AUROC: 0.7621
[92mINFO [0m:        Model saved to models/job1033_rollv2-003_round8_auroc7621.pt
[92mINFO [0m:      	â””â”€â”€> Aggregated MetricRecord: {'auroc': 0.7621431871421317, 'sensitivity': 0.5925634467833957, 'specificity': 0.7960646990161747, 'precision': 0.7112160566706022, 'f1': 0.6464906632324534}
[92mINFO [0m:      
[92mINFO [0m:      [ROUND 9/100]
[92mINFO [0m:      configure_train: Sampled 3 nodes (out of 3)
[92mINFO [0m:      aggregate_train: Received 3 results and 0 failures
[92mINFO [0m:      	â””â”€â”€> Aggregated MetricRecord: {'partition-id': 0.7453931785883467, 'train_loss': 0.16832815409430274}
[92mINFO [0m:      configure_evaluate: Sampled 3 nodes (out of 3)
[92mINFO [0m:      METRICS BY HOSPITAL
[92mINFO [0m:        HospitalC (n=2730):
[92mINFO [0m:          auroc       : 0.7349
[92mINFO [0m:          eval_loss   : 0.6344
[92mINFO [0m:          sensitivity : 0.7152
[92mINFO [0m:          specificity : 0.6449
[92mINFO [0m:          precision   : 0.6842
[92mINFO [0m:          f1          : 0.6994
[92mINFO [0m:        HospitalB (n=2860):
[92mINFO [0m:          auroc       : 0.7864
[92mINFO [0m:          eval_loss   : 0.6134
[92mINFO [0m:          sensitivity : 0.6122
[92mINFO [0m:          specificity : 0.7963
[92mINFO [0m:          precision   : 0.6468
[92mINFO [0m:          f1          : 0.6290
[92mINFO [0m:        HospitalA (n=5490):
[92mINFO [0m:          auroc       : 0.7589
[92mINFO [0m:          eval_loss   : 0.6295
[92mINFO [0m:          sensitivity : 0.7598
[92mINFO [0m:          specificity : 0.6410
[92mINFO [0m:          precision   : 0.6531
[92mINFO [0m:          f1          : 0.7024
[92mINFO [0m:      AGGREGATED METRICS:
[92mINFO [0m:        auroc       : 0.7638
[92mINFO [0m:        sensitivity : 0.7159
[92mINFO [0m:        specificity : 0.6878
[92mINFO [0m:        precision   : 0.6603
[92mINFO [0m:        f1          : 0.6870
[92mINFO [0m:      âœ“ New best model! Round 9, AUROC: 0.7638
[92mINFO [0m:        Model saved to models/job1033_rollv2-003_round9_auroc7637.pt
[92mINFO [0m:      	â””â”€â”€> Aggregated MetricRecord: {'auroc': 0.7637735025949592, 'sensitivity': 0.71591579775723, 'specificity': 0.6878439219609805, 'precision': 0.6603157321720196, 'f1': 0.6869926373418916}
[92mINFO [0m:      
[92mINFO [0m:      [ROUND 10/100]
[92mINFO [0m:      configure_train: Sampled 3 nodes (out of 3)
[2025-11-15T08:58:49] error: *** JOB 1033 ON gpu-workers-0 CANCELLED AT 2025-11-15T08:58:49 DUE TO TIME LIMIT ***
=== Copying best model ===
  job1033_rollv2-003_round9_auroc7637.pt
=== Job 1033 finished with exit code 0 ===
