=== Job 369 started at Fri Nov 14 19:35:43 UTC 2025 on gpu-workers-0 ===
=== Running: flwr run . cluster-gpu ===
Loading project configuration... 
Success
[92mINFO [0m:      Device: AMD Instinct MI300X VF
[92mINFO [0m:      W&B disabled (credentials not provided). Set WANDB_API_KEY, WANDB_ENTITY, and WANDB_PROJECT to enable.
Downloading: "https://download.pytorch.org/models/efficientnet_b0_rwightman-7f5810bc.pth" to /tmp/job-369/xdg-cache/torch/hub/checkpoints/efficientnet_b0_rwightman-7f5810bc.pth
  0%|          | 0.00/20.5M [00:00<?, ?B/s] 32%|â–ˆâ–ˆâ–ˆâ–      | 6.62M/20.5M [00:00<00:00, 69.4MB/s] 81%|â–ˆâ–ˆâ–ˆâ–ˆâ–ˆâ–ˆâ–ˆâ–ˆ  | 16.5M/20.5M [00:00<00:00, 89.1MB/s]100%|â–ˆâ–ˆâ–ˆâ–ˆâ–ˆâ–ˆâ–ˆâ–ˆâ–ˆâ–ˆ| 20.5M/20.5M [00:00<00:00, 96.6MB/s]
[92mINFO [0m:      Starting HackathonFedAvg strategy:
[92mINFO [0m:      	â”œâ”€â”€ Number of rounds: 100
[92mINFO [0m:      	â”œâ”€â”€ ArrayRecord (15.49 MB)
[92mINFO [0m:      	â”œâ”€â”€ ConfigRecord (train): {'lr': 0.1}
[92mINFO [0m:      	â”œâ”€â”€ ConfigRecord (evaluate): (empty!)
[92mINFO [0m:      	â”œâ”€â”€> Sampling:
[92mINFO [0m:      	â”‚	â”œâ”€â”€Fraction: train (1.00) | evaluate ( 1.00)
[92mINFO [0m:      	â”‚	â”œâ”€â”€Minimum nodes: train (2) | evaluate (2)
[92mINFO [0m:      	â”‚	â””â”€â”€Minimum available nodes: 2
[92mINFO [0m:      	â””â”€â”€> Keys in records:
[92mINFO [0m:      		â”œâ”€â”€ Weighted by: 'num-examples'
[92mINFO [0m:      		â”œâ”€â”€ ArrayRecord key: 'arrays'
[92mINFO [0m:      		â””â”€â”€ ConfigRecord key: 'config'
[92mINFO [0m:      
[92mINFO [0m:      
[92mINFO [0m:      [ROUND 1/100]
[92mINFO [0m:      configure_train: Sampled 3 nodes (out of 3)
[2025-11-14T19:35:57] error: *** JOB 369 ON gpu-workers-0 CANCELLED AT 2025-11-14T19:35:57 DUE to SIGNAL Terminated ***
=== Copying best model ===
=== Job 369 finished with exit code 0 ===
