=== Job 373 started at Fri Nov 14 19:39:26 UTC 2025 on gpu-workers-0 ===
=== Running: flwr run . cluster-gpu ===
Loading project configuration... 
Success
[92mINFO [0m:      Device: AMD Instinct MI300X VF
[92mINFO [0m:      W&B disabled (credentials not provided). Set WANDB_API_KEY, WANDB_ENTITY, and WANDB_PROJECT to enable.
Downloading: "https://download.pytorch.org/models/efficientnet_b0_rwightman-7f5810bc.pth" to /tmp/job-373/xdg-cache/torch/hub/checkpoints/efficientnet_b0_rwightman-7f5810bc.pth
  0%|          | 0.00/20.5M [00:00<?, ?B/s] 18%|█▊        | 3.62M/20.5M [00:00<00:00, 37.9MB/s] 73%|███████▎  | 14.9M/20.5M [00:00<00:00, 84.5MB/s]100%|██████████| 20.5M/20.5M [00:00<00:00, 89.3MB/s]
[92mINFO [0m:      Starting HackathonFedAvg strategy:
[92mINFO [0m:      	├── Number of rounds: 100
[92mINFO [0m:      	├── ArrayRecord (15.49 MB)
[92mINFO [0m:      	├── ConfigRecord (train): {'lr': 0.1}
[92mINFO [0m:      	├── ConfigRecord (evaluate): (empty!)
[92mINFO [0m:      	├──> Sampling:
[92mINFO [0m:      	│	├──Fraction: train (1.00) | evaluate ( 1.00)
[92mINFO [0m:      	│	├──Minimum nodes: train (2) | evaluate (2)
[92mINFO [0m:      	│	└──Minimum available nodes: 2
[92mINFO [0m:      	└──> Keys in records:
[92mINFO [0m:      		├── Weighted by: 'num-examples'
[92mINFO [0m:      		├── ArrayRecord key: 'arrays'
[92mINFO [0m:      		└── ConfigRecord key: 'config'
[92mINFO [0m:      
[92mINFO [0m:      
[92mINFO [0m:      [ROUND 1/100]
[92mINFO [0m:      configure_train: Sampled 3 nodes (out of 3)
[36m(ClientAppActor pid=1798760)[0m /usr/lib/python3.12/multiprocessing/popen_fork.py:66: DeprecationWarning: This process (pid=1798760) is multi-threaded, use of fork() may lead to deadlocks in the child.
[36m(ClientAppActor pid=1798760)[0m   self.pid = os.fork()
[36m(ClientAppActor pid=1798760)[0m Partial Epoch (0.50 - seeing all data, training on 50.0%):   0%|          | 0/2631 [00:00<?, ?it/s]
[36m(ClientAppActor pid=1798760)[0m Partial Epoch (0.50 - seeing all data, training on 50.0%):   0%|          | 1/2631 [00:21<15:46:20, 21.59s/it]
[36m(ClientAppActor pid=1798758)[0m /usr/lib/python3.12/multiprocessing/popen_fork.py:66: DeprecationWarning: This process (pid=1798758) is multi-threaded, use of fork() may lead to deadlocks in the child.[32m [repeated 2x across cluster] (Ray deduplicates logs by default. Set RAY_DEDUP_LOGS=0 to disable log deduplication, or see https://docs.ray.io/en/master/ray-observability/user-guides/configure-logging.html#log-deduplication for more options.)[0m
[36m(ClientAppActor pid=1798758)[0m   self.pid = os.fork()[32m [repeated 2x across cluster][0m
[36m(ClientAppActor pid=1798758)[0m Partial Epoch (0.50 - seeing all data, training on 50.0%):   0%|          | 0/1288 [00:00<?, ?it/s][32m [repeated 2x across cluster][0m
[2025-11-14T19:40:22] error: *** JOB 373 ON gpu-workers-0 CANCELLED AT 2025-11-14T19:40:22 DUE to SIGNAL Terminated ***
=== Copying best model ===
=== Job 373 finished with exit code 0 ===
