=== Job 441 started at Fri Nov 14 20:55:57 UTC 2025 on gpu-workers-1 ===
=== Running: flwr run . cluster-gpu ===
Loading project configuration... 
Success
[92mINFO [0m:      Device: AMD Instinct MI300X VF
[92mINFO [0m:      W&B disabled (credentials not provided). Set WANDB_API_KEY, WANDB_ENTITY, and WANDB_PROJECT to enable.
Downloading: "https://download.pytorch.org/models/efficientnet_b0_rwightman-7f5810bc.pth" to /tmp/job-441/xdg-cache/torch/hub/checkpoints/efficientnet_b0_rwightman-7f5810bc.pth
  0%|          | 0.00/20.5M [00:00<?, ?B/s]100%|██████████| 20.5M/20.5M [00:00<00:00, 451MB/s]
[92mINFO [0m:      Starting HackathonFedAvg strategy:
[92mINFO [0m:      	├── Number of rounds: 100
[92mINFO [0m:      	├── ArrayRecord (15.49 MB)
[92mINFO [0m:      	├── ConfigRecord (train): {'lr': 0.05}
[92mINFO [0m:      	├── ConfigRecord (evaluate): (empty!)
[92mINFO [0m:      	├──> Sampling:
[92mINFO [0m:      	│	├──Fraction: train (1.00) | evaluate ( 1.00)
[92mINFO [0m:      	│	├──Minimum nodes: train (2) | evaluate (2)
[92mINFO [0m:      	│	└──Minimum available nodes: 2
[92mINFO [0m:      	└──> Keys in records:
[92mINFO [0m:      		├── Weighted by: 'num-examples'
[92mINFO [0m:      		├── ArrayRecord key: 'arrays'
[92mINFO [0m:      		└── ConfigRecord key: 'config'
[92mINFO [0m:      
[92mINFO [0m:      
[92mINFO [0m:      [ROUND 1/100]
[92mINFO [0m:      configure_train: Sampled 3 nodes (out of 3)
[36m(ClientAppActor pid=690744)[0m /usr/lib/python3.12/multiprocessing/popen_fork.py:66: DeprecationWarning: This process (pid=690744) is multi-threaded, use of fork() may lead to deadlocks in the child.
[36m(ClientAppActor pid=690744)[0m   self.pid = os.fork()
[36m(ClientAppActor pid=690744)[0m /scratch/hackathon-venv/lib/python3.12/site-packages/torch/utils/data/_utils/pin_memory.py:57: DeprecationWarning: The argument 'device' of Tensor.pin_memory() is deprecated. Please do not pass this argument. (Triggered internally at /pytorch/aten/src/ATen/native/Memory.cpp:46.)
[36m(ClientAppActor pid=690744)[0m   return data.pin_memory(device)
[36m(ClientAppActor pid=690744)[0m /scratch/hackathon-venv/lib/python3.12/site-packages/torch/utils/data/_utils/pin_memory.py:57: DeprecationWarning: The argument 'device' of Tensor.is_pinned() is deprecated. Please do not pass this argument. (Triggered internally at /pytorch/aten/src/ATen/native/Memory.cpp:31.)
[36m(ClientAppActor pid=690744)[0m   return data.pin_memory(device)
[36m(ClientAppActor pid=690745)[0m /scratch/team04/441/repo/cold_start_hackathon/task.py:311: UserWarning: Detected call of `lr_scheduler.step()` before `optimizer.step()`. In PyTorch 1.1.0 and later, you should call them in the opposite order: `optimizer.step()` before `lr_scheduler.step()`.  Failure to do this will result in PyTorch skipping the first value of the learning rate schedule. See more details at https://pytorch.org/docs/stable/optim.html#how-to-adjust-learning-rate
[36m(ClientAppActor pid=690745)[0m   scheduler.step()
[36m(ClientAppActor pid=690745)[0m /usr/lib/python3.12/multiprocessing/popen_fork.py:66: DeprecationWarning: This process (pid=690745) is multi-threaded, use of fork() may lead to deadlocks in the child.[32m [repeated 2x across cluster] (Ray deduplicates logs by default. Set RAY_DEDUP_LOGS=0 to disable log deduplication, or see https://docs.ray.io/en/master/ray-observability/user-guides/configure-logging.html#log-deduplication for more options.)[0m
[36m(ClientAppActor pid=690745)[0m   self.pid = os.fork()[32m [repeated 2x across cluster][0m
[36m(ClientAppActor pid=690745)[0m /scratch/hackathon-venv/lib/python3.12/site-packages/torch/utils/data/_utils/pin_memory.py:57: DeprecationWarning: The argument 'device' of Tensor.pin_memory() is deprecated. Please do not pass this argument. (Triggered internally at /pytorch/aten/src/ATen/native/Memory.cpp:46.)[32m [repeated 2x across cluster][0m
[36m(ClientAppActor pid=690745)[0m   return data.pin_memory(device)[32m [repeated 4x across cluster][0m
[36m(ClientAppActor pid=690745)[0m /scratch/hackathon-venv/lib/python3.12/site-packages/torch/utils/data/_utils/pin_memory.py:57: DeprecationWarning: The argument 'device' of Tensor.is_pinned() is deprecated. Please do not pass this argument. (Triggered internally at /pytorch/aten/src/ATen/native/Memory.cpp:31.)[32m [repeated 2x across cluster][0m
[92mINFO [0m:      aggregate_train: Received 3 results and 0 failures
[92mINFO [0m:      	└──> Aggregated MetricRecord: {'partition-id': 0.7453931785883467, 'train_loss': 1.2159816793776193}
[92mINFO [0m:      configure_evaluate: Sampled 3 nodes (out of 3)
[92mINFO [0m:      METRICS BY HOSPITAL
[92mINFO [0m:        HospitalC (n=2730):
[92mINFO [0m:          auroc       : 0.5497
[92mINFO [0m:          eval_loss   : 0.9114
[92mINFO [0m:          sensitivity : 1.0000
[92mINFO [0m:          specificity : 0.0000
[92mINFO [0m:          precision   : 0.5183
[92mINFO [0m:          f1          : 0.6828
[92mINFO [0m:        HospitalB (n=2860):
[92mINFO [0m:          auroc       : 0.5355
[92mINFO [0m:          eval_loss   : 1.1151
[92mINFO [0m:          sensitivity : 1.0000
[92mINFO [0m:          specificity : 0.0000
[92mINFO [0m:          precision   : 0.3787
[92mINFO [0m:          f1          : 0.5493
[92mINFO [0m:        HospitalA (n=5490):
[92mINFO [0m:          auroc       : 0.5520
[92mINFO [0m:          eval_loss   : 0.9796
[92mINFO [0m:          sensitivity : 1.0000
[92mINFO [0m:          specificity : 0.0000
[92mINFO [0m:          precision   : 0.4709
[92mINFO [0m:          f1          : 0.6402
[92mINFO [0m:      AGGREGATED METRICS:
[92mINFO [0m:        auroc       : 0.5500
[92mINFO [0m:        sensitivity : 1.0000
[92mINFO [0m:        specificity : 0.0000
[92mINFO [0m:        precision   : 0.4588
[92mINFO [0m:        f1          : 0.6290
[92mINFO [0m:      ✓ New best model! Round 1, AUROC: 0.5500
[92mINFO [0m:        Model saved to models/job441_e-archv5-op_round1_auroc5500.pt
[92mINFO [0m:      	└──> Aggregated MetricRecord: {'auroc': 0.550023437845226, 'sensitivity': 1.0, 'specificity': 0.0, 'precision': 0.4587545126353791, 'f1': 0.6289673946668316}
[92mINFO [0m:      
[92mINFO [0m:      [ROUND 2/100]
[92mINFO [0m:      configure_train: Sampled 3 nodes (out of 3)
[92mINFO [0m:      aggregate_train: Received 3 results and 0 failures
[92mINFO [0m:      	└──> Aggregated MetricRecord: {'partition-id': 0.7453931785883467, 'train_loss': 0.7593380813143193}
[92mINFO [0m:      configure_evaluate: Sampled 3 nodes (out of 3)
[92mINFO [0m:      METRICS BY HOSPITAL
[92mINFO [0m:        HospitalC (n=2730):
[92mINFO [0m:          auroc       : 0.6542
[92mINFO [0m:          eval_loss   : 0.7407
[92mINFO [0m:          sensitivity : 1.0000
[92mINFO [0m:          specificity : 0.0000
[92mINFO [0m:          precision   : 0.5183
[92mINFO [0m:          f1          : 0.6828
[92mINFO [0m:        HospitalB (n=2860):
[92mINFO [0m:          auroc       : 0.6847
[92mINFO [0m:          eval_loss   : 0.8346
[92mINFO [0m:          sensitivity : 1.0000
[92mINFO [0m:          specificity : 0.0000
[92mINFO [0m:          precision   : 0.3787
[92mINFO [0m:          f1          : 0.5493
[92mINFO [0m:        HospitalA (n=5490):
[92mINFO [0m:          auroc       : 0.6776
[92mINFO [0m:          eval_loss   : 0.7770
[92mINFO [0m:          sensitivity : 1.0000
[92mINFO [0m:          specificity : 0.0000
[92mINFO [0m:          precision   : 0.4709
[92mINFO [0m:          f1          : 0.6402
[92mINFO [0m:      AGGREGATED METRICS:
[92mINFO [0m:        auroc       : 0.6797
[92mINFO [0m:        sensitivity : 1.0000
[92mINFO [0m:        specificity : 0.0000
[92mINFO [0m:        precision   : 0.4588
[92mINFO [0m:        f1          : 0.6290
[92mINFO [0m:      ✓ New best model! Round 2, AUROC: 0.6797
[92mINFO [0m:        Model saved to models/job441_e-archv5-op_round2_auroc6797.pt
[92mINFO [0m:      	└──> Aggregated MetricRecord: {'auroc': 0.6797365664273542, 'sensitivity': 1.0, 'specificity': 0.0, 'precision': 0.4587545126353791, 'f1': 0.6289673946668316}
[92mINFO [0m:      
[92mINFO [0m:      [ROUND 3/100]
[92mINFO [0m:      configure_train: Sampled 3 nodes (out of 3)
[92mINFO [0m:      aggregate_train: Received 3 results and 0 failures
[92mINFO [0m:      	└──> Aggregated MetricRecord: {'partition-id': 0.7453931785883467, 'train_loss': 0.7017317432951904}
[92mINFO [0m:      configure_evaluate: Sampled 3 nodes (out of 3)
[92mINFO [0m:      METRICS BY HOSPITAL
[92mINFO [0m:        HospitalB (n=2860):
[92mINFO [0m:          auroc       : 0.7629
[92mINFO [0m:          eval_loss   : 0.6638
[92mINFO [0m:          sensitivity : 0.8375
[92mINFO [0m:          specificity : 0.5115
[92mINFO [0m:          precision   : 0.5110
[92mINFO [0m:          f1          : 0.6347
[92mINFO [0m:        HospitalC (n=2730):
[92mINFO [0m:          auroc       : 0.7102
[92mINFO [0m:          eval_loss   : 0.6547
[92mINFO [0m:          sensitivity : 0.8735
[92mINFO [0m:          specificity : 0.3430
[92mINFO [0m:          precision   : 0.5886
[92mINFO [0m:          f1          : 0.7033
[92mINFO [0m:        HospitalA (n=5490):
[92mINFO [0m:          auroc       : 0.7443
[92mINFO [0m:          eval_loss   : 0.6597
[92mINFO [0m:          sensitivity : 0.9044
[92mINFO [0m:          specificity : 0.3184
[92mINFO [0m:          precision   : 0.5415
[92mINFO [0m:          f1          : 0.6774
[92mINFO [0m:      AGGREGATED METRICS:
[92mINFO [0m:        auroc       : 0.7441
[92mINFO [0m:        sensitivity : 0.8816
[92mINFO [0m:        specificity : 0.3810
[92mINFO [0m:        precision   : 0.5469
[92mINFO [0m:        f1          : 0.6751
[92mINFO [0m:      ✓ New best model! Round 3, AUROC: 0.7441
[92mINFO [0m:        Model saved to models/job441_e-archv5-op_round3_auroc7440.pt
[92mINFO [0m:      	└──> Aggregated MetricRecord: {'auroc': 0.7440766911096706, 'sensitivity': 0.8815660043281527, 'specificity': 0.38102384525596134, 'precision': 0.546930306359087, 'f1': 0.6750527267249171}
[92mINFO [0m:      
[92mINFO [0m:      [ROUND 4/100]
[92mINFO [0m:      configure_train: Sampled 3 nodes (out of 3)
[92mINFO [0m:      aggregate_train: Received 3 results and 0 failures
[92mINFO [0m:      	└──> Aggregated MetricRecord: {'partition-id': 0.7453931785883467, 'train_loss': 0.6917319775328252}
[92mINFO [0m:      configure_evaluate: Sampled 3 nodes (out of 3)
[92mINFO [0m:      METRICS BY HOSPITAL
[92mINFO [0m:        HospitalC (n=2730):
[92mINFO [0m:          auroc       : 0.7155
[92mINFO [0m:          eval_loss   : 0.6292
[92mINFO [0m:          sensitivity : 0.6219
[92mINFO [0m:          specificity : 0.6935
[92mINFO [0m:          precision   : 0.6859
[92mINFO [0m:          f1          : 0.6523
[92mINFO [0m:        HospitalB (n=2860):
[92mINFO [0m:          auroc       : 0.7709
[92mINFO [0m:          eval_loss   : 0.5896
[92mINFO [0m:          sensitivity : 0.5115
[92mINFO [0m:          specificity : 0.8610
[92mINFO [0m:          precision   : 0.6916
[92mINFO [0m:          f1          : 0.5881
[92mINFO [0m:        HospitalA (n=5490):
[92mINFO [0m:          auroc       : 0.7476
[92mINFO [0m:          eval_loss   : 0.6136
[92mINFO [0m:          sensitivity : 0.6901
[92mINFO [0m:          specificity : 0.6995
[92mINFO [0m:          precision   : 0.6714
[92mINFO [0m:          f1          : 0.6807
[92mINFO [0m:      AGGREGATED METRICS:
[92mINFO [0m:        auroc       : 0.7489
[92mINFO [0m:        sensitivity : 0.6331
[92mINFO [0m:        specificity : 0.7460
[92mINFO [0m:        precision   : 0.6788
[92mINFO [0m:        f1          : 0.6551
[92mINFO [0m:      ✓ New best model! Round 4, AUROC: 0.7489
[92mINFO [0m:        Model saved to models/job441_e-archv5-op_round4_auroc7489.pt
[92mINFO [0m:      	└──> Aggregated MetricRecord: {'auroc': 0.7489325520521426, 'sensitivity': 0.6330906944717687, 'specificity': 0.7460396865099216, 'precision': 0.6787597553258806, 'f1': 0.6551302931596091}
[92mINFO [0m:      
[92mINFO [0m:      [ROUND 5/100]
[92mINFO [0m:      configure_train: Sampled 3 nodes (out of 3)
[92mINFO [0m:      aggregate_train: Received 3 results and 0 failures
[92mINFO [0m:      	└──> Aggregated MetricRecord: {'partition-id': 0.7453931785883467, 'train_loss': 0.726820073908113}
[92mINFO [0m:      configure_evaluate: Sampled 3 nodes (out of 3)
[92mINFO [0m:      METRICS BY HOSPITAL
[92mINFO [0m:        HospitalC (n=2730):
[92mINFO [0m:          auroc       : 0.7209
[92mINFO [0m:          eval_loss   : 0.6198
[92mINFO [0m:          sensitivity : 0.6770
[92mINFO [0m:          specificity : 0.6494
[92mINFO [0m:          precision   : 0.6751
[92mINFO [0m:          f1          : 0.6761
[92mINFO [0m:        HospitalB (n=2860):
[92mINFO [0m:          auroc       : 0.7760
[92mINFO [0m:          eval_loss   : 0.5773
[92mINFO [0m:          sensitivity : 0.5642
[92mINFO [0m:          specificity : 0.8199
[92mINFO [0m:          precision   : 0.6563
[92mINFO [0m:          f1          : 0.6068
[92mINFO [0m:        HospitalA (n=5490):
[92mINFO [0m:          auroc       : 0.7535
[92mINFO [0m:          eval_loss   : 0.6052
[92mINFO [0m:          sensitivity : 0.7424
[92mINFO [0m:          specificity : 0.6568
[92mINFO [0m:          precision   : 0.6581
[92mINFO [0m:          f1          : 0.6977
[92mINFO [0m:      AGGREGATED METRICS:
[92mINFO [0m:        auroc       : 0.7543
[92mINFO [0m:        sensitivity : 0.6862
[92mINFO [0m:        specificity : 0.7035
[92mINFO [0m:        precision   : 0.6624
[92mINFO [0m:        f1          : 0.6741
[92mINFO [0m:      ✓ New best model! Round 5, AUROC: 0.7543
[92mINFO [0m:        Model saved to models/job441_e-archv5-op_round5_auroc7542.pt
[92mINFO [0m:      	└──> Aggregated MetricRecord: {'auroc': 0.7542946665148431, 'sensitivity': 0.6862089317332284, 'specificity': 0.7035184258796064, 'precision': 0.6623623243448538, 'f1': 0.6740747898347667}
[92mINFO [0m:      
[92mINFO [0m:      [ROUND 6/100]
[92mINFO [0m:      configure_train: Sampled 3 nodes (out of 3)
[92mINFO [0m:      aggregate_train: Received 3 results and 0 failures
[92mINFO [0m:      	└──> Aggregated MetricRecord: {'partition-id': 0.7453931785883467, 'train_loss': 0.6307050984083524}
[92mINFO [0m:      configure_evaluate: Sampled 3 nodes (out of 3)
[92mINFO [0m:      METRICS BY HOSPITAL
[92mINFO [0m:        HospitalC (n=2730):
[92mINFO [0m:          auroc       : 0.7240
[92mINFO [0m:          eval_loss   : 0.6517
[92mINFO [0m:          sensitivity : 0.4834
[92mINFO [0m:          specificity : 0.8251
[92mINFO [0m:          precision   : 0.7484
[92mINFO [0m:          f1          : 0.5874
[92mINFO [0m:        HospitalB (n=2860):
[92mINFO [0m:          auroc       : 0.7777
[92mINFO [0m:          eval_loss   : 0.5621
[92mINFO [0m:          sensitivity : 0.3684
[92mINFO [0m:          specificity : 0.9280
[92mINFO [0m:          precision   : 0.7571
[92mINFO [0m:          f1          : 0.4957
[92mINFO [0m:        HospitalA (n=5490):
[92mINFO [0m:          auroc       : 0.7543
[92mINFO [0m:          eval_loss   : 0.6062
[92mINFO [0m:          sensitivity : 0.5110
[92mINFO [0m:          specificity : 0.8396
[92mINFO [0m:          precision   : 0.7392
[92mINFO [0m:          f1          : 0.6043
[92mINFO [0m:      AGGREGATED METRICS:
[92mINFO [0m:        auroc       : 0.7559
[92mINFO [0m:        sensitivity : 0.4729
[92mINFO [0m:        specificity : 0.8626
[92mINFO [0m:        precision   : 0.7447
[92mINFO [0m:        f1          : 0.5785
[92mINFO [0m:      ✓ New best model! Round 6, AUROC: 0.7559
[92mINFO [0m:        Model saved to models/job441_e-archv5-op_round6_auroc7558.pt
[92mINFO [0m:      	└──> Aggregated MetricRecord: {'auroc': 0.7558702624969774, 'sensitivity': 0.47294904583907144, 'specificity': 0.8625979656494914, 'precision': 0.7447335811648079, 'f1': 0.5785104078931537}
[92mINFO [0m:      
[92mINFO [0m:      [ROUND 7/100]
[92mINFO [0m:      configure_train: Sampled 3 nodes (out of 3)
[92mINFO [0m:      aggregate_train: Received 3 results and 0 failures
[92mINFO [0m:      	└──> Aggregated MetricRecord: {'partition-id': 0.7453931785883467, 'train_loss': 0.6808752699708693}
[92mINFO [0m:      configure_evaluate: Sampled 3 nodes (out of 3)
[92mINFO [0m:      METRICS BY HOSPITAL
[92mINFO [0m:        HospitalC (n=2730):
[92mINFO [0m:          auroc       : 0.7256
[92mINFO [0m:          eval_loss   : 0.6159
[92mINFO [0m:          sensitivity : 0.7110
[92mINFO [0m:          specificity : 0.6175
[92mINFO [0m:          precision   : 0.6667
[92mINFO [0m:          f1          : 0.6881
[92mINFO [0m:        HospitalB (n=2860):
[92mINFO [0m:          auroc       : 0.7797
[92mINFO [0m:          eval_loss   : 0.5772
[92mINFO [0m:          sensitivity : 0.6196
[92mINFO [0m:          specificity : 0.7963
[92mINFO [0m:          precision   : 0.6496
[92mINFO [0m:          f1          : 0.6342
[92mINFO [0m:        HospitalA (n=5490):
[92mINFO [0m:          auroc       : 0.7543
[92mINFO [0m:          eval_loss   : 0.6061
[92mINFO [0m:          sensitivity : 0.7660
[92mINFO [0m:          specificity : 0.6234
[92mINFO [0m:          precision   : 0.6441
[92mINFO [0m:          f1          : 0.6998
[92mINFO [0m:      AGGREGATED METRICS:
[92mINFO [0m:        auroc       : 0.7568
[92mINFO [0m:        sensitivity : 0.7195
[92mINFO [0m:        specificity : 0.6733
[92mINFO [0m:        precision   : 0.6512
[92mINFO [0m:        f1          : 0.6836
[92mINFO [0m:      ✓ New best model! Round 7, AUROC: 0.7568
[92mINFO [0m:        Model saved to models/job441_e-archv5-op_round7_auroc7568.pt
[92mINFO [0m:      	└──> Aggregated MetricRecord: {'auroc': 0.7568476677187043, 'sensitivity': 0.7194570135746606, 'specificity': 0.673336668334167, 'precision': 0.6511752136752137, 'f1': 0.6836152911487055}
[92mINFO [0m:      
[92mINFO [0m:      [ROUND 8/100]
[92mINFO [0m:      configure_train: Sampled 3 nodes (out of 3)
[92mINFO [0m:      aggregate_train: Received 3 results and 0 failures
[92mINFO [0m:      	└──> Aggregated MetricRecord: {'partition-id': 0.7453931785883467, 'train_loss': 0.6666095035357953}
[92mINFO [0m:      configure_evaluate: Sampled 3 nodes (out of 3)
[92mINFO [0m:      METRICS BY HOSPITAL
[92mINFO [0m:        HospitalB (n=2860):
[92mINFO [0m:          auroc       : 0.7821
[92mINFO [0m:          eval_loss   : 0.5462
[92mINFO [0m:          sensitivity : 0.5171
[92mINFO [0m:          specificity : 0.8717
[92mINFO [0m:          precision   : 0.7107
[92mINFO [0m:          f1          : 0.5986
[92mINFO [0m:        HospitalC (n=2730):
[92mINFO [0m:          auroc       : 0.7271
[92mINFO [0m:          eval_loss   : 0.6173
[92mINFO [0m:          sensitivity : 0.6092
[92mINFO [0m:          specificity : 0.7240
[92mINFO [0m:          precision   : 0.7037
[92mINFO [0m:          f1          : 0.6530
[92mINFO [0m:        HospitalA (n=5490):
[92mINFO [0m:          auroc       : 0.7548
[92mINFO [0m:          eval_loss   : 0.5890
[92mINFO [0m:          sensitivity : 0.6735
[92mINFO [0m:          specificity : 0.7263
[92mINFO [0m:          precision   : 0.6865
[92mINFO [0m:          f1          : 0.6799
[92mINFO [0m:      AGGREGATED METRICS:
[92mINFO [0m:        auroc       : 0.7582
[92mINFO [0m:        sensitivity : 0.6223
[92mINFO [0m:        specificity : 0.7689
[92mINFO [0m:        precision   : 0.6953
[92mINFO [0m:        f1          : 0.6568
[92mINFO [0m:      ✓ New best model! Round 8, AUROC: 0.7582
[92mINFO [0m:        Model saved to models/job441_e-archv5-op_round8_auroc7582.pt
[92mINFO [0m:      	└──> Aggregated MetricRecord: {'auroc': 0.758200892038911, 'sensitivity': 0.6222703128073972, 'specificity': 0.7688844422211105, 'precision': 0.6953176522312596, 'f1': 0.6567691029900332}
[92mINFO [0m:      
[92mINFO [0m:      [ROUND 9/100]
[92mINFO [0m:      configure_train: Sampled 3 nodes (out of 3)
[92mINFO [0m:      aggregate_train: Received 3 results and 0 failures
[92mINFO [0m:      	└──> Aggregated MetricRecord: {'partition-id': 0.7453931785883467, 'train_loss': 0.6925146300357948}
[92mINFO [0m:      configure_evaluate: Sampled 3 nodes (out of 3)
[2025-11-14T21:16:09] error: *** JOB 441 ON gpu-workers-1 CANCELLED AT 2025-11-14T21:16:09 DUE TO TIME LIMIT ***
=== Copying best model ===
  job441_e-archv5-op_round8_auroc7582.pt
=== Job 441 finished with exit code 0 ===
