=== Job 634 started at Fri Nov 14 23:12:08 UTC 2025 on gpu-workers-1 ===
=== Running: flwr run . cluster-gpu ===
Loading project configuration... 
Success
[92mINFO [0m:      Device: AMD Instinct MI300X VF
[92mINFO [0m:      W&B disabled (credentials not provided). Set WANDB_API_KEY, WANDB_ENTITY, and WANDB_PROJECT to enable.
Downloading: "https://download.pytorch.org/models/efficientnet_b0_rwightman-7f5810bc.pth" to /tmp/job-634/xdg-cache/torch/hub/checkpoints/efficientnet_b0_rwightman-7f5810bc.pth
  0%|          | 0.00/20.5M [00:00<?, ?B/s] 26%|██▌       | 5.25M/20.5M [00:00<00:00, 54.8MB/s]100%|██████████| 20.5M/20.5M [00:00<00:00, 109MB/s] 
[92mINFO [0m:      Starting HackathonFedAvg strategy:
[92mINFO [0m:      	├── Number of rounds: 100
[92mINFO [0m:      	├── ArrayRecord (15.49 MB)
[92mINFO [0m:      	├── ConfigRecord (train): {'lr': 0.05}
[92mINFO [0m:      	├── ConfigRecord (evaluate): (empty!)
[92mINFO [0m:      	├──> Sampling:
[92mINFO [0m:      	│	├──Fraction: train (1.00) | evaluate ( 1.00)
[92mINFO [0m:      	│	├──Minimum nodes: train (2) | evaluate (2)
[92mINFO [0m:      	│	└──Minimum available nodes: 2
[92mINFO [0m:      	└──> Keys in records:
[92mINFO [0m:      		├── Weighted by: 'num-examples'
[92mINFO [0m:      		├── ArrayRecord key: 'arrays'
[92mINFO [0m:      		└── ConfigRecord key: 'config'
[92mINFO [0m:      
[92mINFO [0m:      
[92mINFO [0m:      [ROUND 1/100]
[92mINFO [0m:      configure_train: Sampled 3 nodes (out of 3)
[36m(ClientAppActor pid=1072757)[0m /usr/lib/python3.12/multiprocessing/popen_fork.py:66: DeprecationWarning: This process (pid=1072757) is multi-threaded, use of fork() may lead to deadlocks in the child.
[36m(ClientAppActor pid=1072757)[0m   self.pid = os.fork()
[36m(ClientAppActor pid=1072759)[0m /scratch/hackathon-venv/lib/python3.12/site-packages/torch/utils/data/_utils/pin_memory.py:57: DeprecationWarning: The argument 'device' of Tensor.pin_memory() is deprecated. Please do not pass this argument. (Triggered internally at /pytorch/aten/src/ATen/native/Memory.cpp:46.)
[36m(ClientAppActor pid=1072759)[0m   return data.pin_memory(device)
[36m(ClientAppActor pid=1072759)[0m /scratch/hackathon-venv/lib/python3.12/site-packages/torch/utils/data/_utils/pin_memory.py:57: DeprecationWarning: The argument 'device' of Tensor.is_pinned() is deprecated. Please do not pass this argument. (Triggered internally at /pytorch/aten/src/ATen/native/Memory.cpp:31.)
[36m(ClientAppActor pid=1072759)[0m   return data.pin_memory(device)
[36m(ClientAppActor pid=1072758)[0m /scratch/team04/634/repo/cold_start_hackathon/task.py:341: UserWarning: Detected call of `lr_scheduler.step()` before `optimizer.step()`. In PyTorch 1.1.0 and later, you should call them in the opposite order: `optimizer.step()` before `lr_scheduler.step()`.  Failure to do this will result in PyTorch skipping the first value of the learning rate schedule. See more details at https://pytorch.org/docs/stable/optim.html#how-to-adjust-learning-rate
[36m(ClientAppActor pid=1072758)[0m   scheduler.step()
[36m(ClientAppActor pid=1072758)[0m /usr/lib/python3.12/multiprocessing/popen_fork.py:66: DeprecationWarning: This process (pid=1072758) is multi-threaded, use of fork() may lead to deadlocks in the child.[32m [repeated 2x across cluster] (Ray deduplicates logs by default. Set RAY_DEDUP_LOGS=0 to disable log deduplication, or see https://docs.ray.io/en/master/ray-observability/user-guides/configure-logging.html#log-deduplication for more options.)[0m
[36m(ClientAppActor pid=1072758)[0m   self.pid = os.fork()[32m [repeated 2x across cluster][0m
[36m(ClientAppActor pid=1072758)[0m /scratch/hackathon-venv/lib/python3.12/site-packages/torch/utils/data/_utils/pin_memory.py:57: DeprecationWarning: The argument 'device' of Tensor.pin_memory() is deprecated. Please do not pass this argument. (Triggered internally at /pytorch/aten/src/ATen/native/Memory.cpp:46.)[32m [repeated 2x across cluster][0m
[36m(ClientAppActor pid=1072758)[0m   return data.pin_memory(device)[32m [repeated 4x across cluster][0m
[36m(ClientAppActor pid=1072758)[0m /scratch/hackathon-venv/lib/python3.12/site-packages/torch/utils/data/_utils/pin_memory.py:57: DeprecationWarning: The argument 'device' of Tensor.is_pinned() is deprecated. Please do not pass this argument. (Triggered internally at /pytorch/aten/src/ATen/native/Memory.cpp:31.)[32m [repeated 2x across cluster][0m
[92mINFO [0m:      aggregate_train: Received 3 results and 0 failures
[92mINFO [0m:      	└──> Aggregated MetricRecord: {'partition-id': 0.7453931785883467, 'train_loss': 0.8771262049238804}
[92mINFO [0m:      configure_evaluate: Sampled 3 nodes (out of 3)
[92mINFO [0m:      METRICS BY HOSPITAL
[92mINFO [0m:        HospitalC (n=2730):
[92mINFO [0m:          auroc       : 0.5292
[92mINFO [0m:          eval_loss   : 0.9989
[92mINFO [0m:          sensitivity : 0.0000
[92mINFO [0m:          specificity : 1.0000
[92mINFO [0m:          precision   : 0.0000
[92mINFO [0m:          f1          : 0.0000
[92mINFO [0m:        HospitalB (n=2860):
[92mINFO [0m:          auroc       : 0.5311
[92mINFO [0m:          eval_loss   : 0.7810
[92mINFO [0m:          sensitivity : 0.0000
[92mINFO [0m:          specificity : 1.0000
[92mINFO [0m:          precision   : 0.0000
[92mINFO [0m:          f1          : 0.0000
[92mINFO [0m:        HospitalA (n=5490):
[92mINFO [0m:          auroc       : 0.5270
[92mINFO [0m:          eval_loss   : 0.9260
[92mINFO [0m:          sensitivity : 0.0000
[92mINFO [0m:          specificity : 1.0000
[92mINFO [0m:          precision   : 0.0000
[92mINFO [0m:          f1          : 0.0000
[92mINFO [0m:      AGGREGATED METRICS:
[92mINFO [0m:        auroc       : 0.5297
[92mINFO [0m:        sensitivity : 0.0000
[92mINFO [0m:        specificity : 1.0000
[92mINFO [0m:        precision   : 0.0000
[92mINFO [0m:        f1          : 0.0000
[92mINFO [0m:      ✓ New best model! Round 1, AUROC: 0.5297
[92mINFO [0m:        Model saved to models/job634_Sarthi_round1_auroc5297.pt
[92mINFO [0m:      	└──> Aggregated MetricRecord: {'auroc': 0.5297155266596509, 'sensitivity': 0.0, 'specificity': 1.0, 'precision': 0.0, 'f1': 0.0}
[92mINFO [0m:      
[92mINFO [0m:      [ROUND 2/100]
[92mINFO [0m:      configure_train: Sampled 3 nodes (out of 3)
[36m(ClientAppActor pid=1072759)[0m /usr/lib/python3.12/multiprocessing/popen_fork.py:66: DeprecationWarning: This process (pid=1072759) is multi-threaded, use of fork() may lead to deadlocks in the child.
[36m(ClientAppActor pid=1072759)[0m   self.pid = os.fork()
[36m(ClientAppActor pid=1072758)[0m /usr/lib/python3.12/multiprocessing/popen_fork.py:66: DeprecationWarning: This process (pid=1072758) is multi-threaded, use of fork() may lead to deadlocks in the child.
[36m(ClientAppActor pid=1072758)[0m   self.pid = os.fork()
[36m(ClientAppActor pid=1072759)[0m /scratch/hackathon-venv/lib/python3.12/site-packages/torch/utils/data/_utils/pin_memory.py:57: DeprecationWarning: The argument 'device' of Tensor.pin_memory() is deprecated. Please do not pass this argument. (Triggered internally at /pytorch/aten/src/ATen/native/Memory.cpp:46.)
[36m(ClientAppActor pid=1072759)[0m   return data.pin_memory(device)
[36m(ClientAppActor pid=1072759)[0m /scratch/hackathon-venv/lib/python3.12/site-packages/torch/utils/data/_utils/pin_memory.py:57: DeprecationWarning: The argument 'device' of Tensor.is_pinned() is deprecated. Please do not pass this argument. (Triggered internally at /pytorch/aten/src/ATen/native/Memory.cpp:31.)
[36m(ClientAppActor pid=1072759)[0m   return data.pin_memory(device)
[92mINFO [0m:      aggregate_train: Received 3 results and 0 failures
[92mINFO [0m:      	└──> Aggregated MetricRecord: {'partition-id': 0.7453931785883467, 'train_loss': 0.40201505409643135}
[92mINFO [0m:      configure_evaluate: Sampled 3 nodes (out of 3)
[92mINFO [0m:      METRICS BY HOSPITAL
[92mINFO [0m:        HospitalB (n=2860):
[92mINFO [0m:          auroc       : 0.4552
[92mINFO [0m:          eval_loss   : 0.6705
[92mINFO [0m:          sensitivity : 0.0074
[92mINFO [0m:          specificity : 0.9944
[92mINFO [0m:          precision   : 0.4444
[92mINFO [0m:          f1          : 0.0145
[92mINFO [0m:        HospitalC (n=2730):
[92mINFO [0m:          auroc       : 0.4612
[92mINFO [0m:          eval_loss   : 0.7752
[92mINFO [0m:          sensitivity : 0.0113
[92mINFO [0m:          specificity : 0.9894
[92mINFO [0m:          precision   : 0.5333
[92mINFO [0m:          f1          : 0.0221
[92mINFO [0m:        HospitalA (n=5490):
[92mINFO [0m:          auroc       : 0.4513
[92mINFO [0m:          eval_loss   : 0.7402
[92mINFO [0m:          sensitivity : 0.0000
[92mINFO [0m:          specificity : 1.0000
[92mINFO [0m:          precision   : 0.0000
[92mINFO [0m:          f1          : 0.0000
[92mINFO [0m:      AGGREGATED METRICS:
[92mINFO [0m:        auroc       : 0.4559
[92mINFO [0m:        sensitivity : 0.0047
[92mINFO [0m:        specificity : 0.9960
[92mINFO [0m:        precision   : 0.5000
[92mINFO [0m:        f1          : 0.0094
[92mINFO [0m:        Model not saved (AUROC 0.4559 ≤ best 0.5297)
[92mINFO [0m:      	└──> Aggregated MetricRecord: {'auroc': 0.45591126273347177, 'sensitivity': 0.004721621089907535, 'specificity': 0.9959979989994997, 'precision': 0.5, 'f1': 0.009354901578639642}
[92mINFO [0m:      
[92mINFO [0m:      [ROUND 3/100]
[92mINFO [0m:      configure_train: Sampled 3 nodes (out of 3)
[36m(ClientAppActor pid=1072759)[0m /usr/lib/python3.12/multiprocessing/popen_fork.py:66: DeprecationWarning: This process (pid=1072759) is multi-threaded, use of fork() may lead to deadlocks in the child.[32m [repeated 2x across cluster][0m
[36m(ClientAppActor pid=1072759)[0m   self.pid = os.fork()[32m [repeated 2x across cluster][0m
[36m(ClientAppActor pid=1072758)[0m /scratch/hackathon-venv/lib/python3.12/site-packages/torch/utils/data/_utils/pin_memory.py:57: DeprecationWarning: The argument 'device' of Tensor.pin_memory() is deprecated. Please do not pass this argument. (Triggered internally at /pytorch/aten/src/ATen/native/Memory.cpp:46.)[32m [repeated 2x across cluster][0m
[36m(ClientAppActor pid=1072758)[0m   return data.pin_memory(device)[32m [repeated 4x across cluster][0m
[36m(ClientAppActor pid=1072758)[0m /scratch/hackathon-venv/lib/python3.12/site-packages/torch/utils/data/_utils/pin_memory.py:57: DeprecationWarning: The argument 'device' of Tensor.is_pinned() is deprecated. Please do not pass this argument. (Triggered internally at /pytorch/aten/src/ATen/native/Memory.cpp:31.)[32m [repeated 2x across cluster][0m
[92mINFO [0m:      aggregate_train: Received 3 results and 0 failures
[92mINFO [0m:      	└──> Aggregated MetricRecord: {'partition-id': 0.7453931785883467, 'train_loss': 0.3585029850267354}
[92mINFO [0m:      configure_evaluate: Sampled 3 nodes (out of 3)
[92mINFO [0m:      METRICS BY HOSPITAL
[92mINFO [0m:        HospitalB (n=2860):
[92mINFO [0m:          auroc       : 0.3901
[92mINFO [0m:          eval_loss   : 0.7916
[92mINFO [0m:          sensitivity : 0.0018
[92mINFO [0m:          specificity : 1.0000
[92mINFO [0m:          precision   : 1.0000
[92mINFO [0m:          f1          : 0.0037
[92mINFO [0m:        HospitalC (n=2730):
[92mINFO [0m:          auroc       : 0.4006
[92mINFO [0m:          eval_loss   : 0.7179
[92mINFO [0m:          sensitivity : 0.9965
[92mINFO [0m:          specificity : 0.0015
[92mINFO [0m:          precision   : 0.5178
[92mINFO [0m:          f1          : 0.6815
[92mINFO [0m:        HospitalA (n=5490):
[92mINFO [0m:          auroc       : 0.3943
[92mINFO [0m:          eval_loss   : 0.7425
[92mINFO [0m:          sensitivity : 0.0054
[92mINFO [0m:          specificity : 0.9962
[92mINFO [0m:          precision   : 0.5600
[92mINFO [0m:          f1          : 0.0107
[92mINFO [0m:      AGGREGATED METRICS:
[92mINFO [0m:        auroc       : 0.3883
[92mINFO [0m:        sensitivity : 0.2805
[92mINFO [0m:        specificity : 0.7792
[92mINFO [0m:        precision   : 0.5185
[92mINFO [0m:        f1          : 0.3641
[92mINFO [0m:        Model not saved (AUROC 0.3883 ≤ best 0.5297)
[92mINFO [0m:      	└──> Aggregated MetricRecord: {'auroc': 0.38833968758265947, 'sensitivity': 0.28054298642533937, 'specificity': 0.7792229448057362, 'precision': 0.5185454545454545, 'f1': 0.364100600025533}
[92mINFO [0m:      
[92mINFO [0m:      [ROUND 4/100]
[92mINFO [0m:      configure_train: Sampled 3 nodes (out of 3)
[36m(ClientAppActor pid=1072759)[0m /usr/lib/python3.12/multiprocessing/popen_fork.py:66: DeprecationWarning: This process (pid=1072759) is multi-threaded, use of fork() may lead to deadlocks in the child.[32m [repeated 3x across cluster][0m
[36m(ClientAppActor pid=1072759)[0m   self.pid = os.fork()[32m [repeated 3x across cluster][0m
[36m(ClientAppActor pid=1072757)[0m /scratch/hackathon-venv/lib/python3.12/site-packages/torch/utils/data/_utils/pin_memory.py:57: DeprecationWarning: The argument 'device' of Tensor.pin_memory() is deprecated. Please do not pass this argument. (Triggered internally at /pytorch/aten/src/ATen/native/Memory.cpp:46.)[32m [repeated 3x across cluster][0m
[36m(ClientAppActor pid=1072757)[0m   return data.pin_memory(device)[32m [repeated 6x across cluster][0m
[36m(ClientAppActor pid=1072757)[0m /scratch/hackathon-venv/lib/python3.12/site-packages/torch/utils/data/_utils/pin_memory.py:57: DeprecationWarning: The argument 'device' of Tensor.is_pinned() is deprecated. Please do not pass this argument. (Triggered internally at /pytorch/aten/src/ATen/native/Memory.cpp:31.)[32m [repeated 3x across cluster][0m
[92mINFO [0m:      aggregate_train: Received 3 results and 0 failures
[92mINFO [0m:      	└──> Aggregated MetricRecord: {'partition-id': 0.7453931785883467, 'train_loss': 0.33808765690569414}
[92mINFO [0m:      configure_evaluate: Sampled 3 nodes (out of 3)
[92mINFO [0m:      METRICS BY HOSPITAL
[92mINFO [0m:        HospitalC (n=2730):
[92mINFO [0m:          auroc       : 0.6987
[92mINFO [0m:          eval_loss   : 0.6762
[92mINFO [0m:          sensitivity : 0.5943
[92mINFO [0m:          specificity : 0.7194
[92mINFO [0m:          precision   : 0.6950
[92mINFO [0m:          f1          : 0.6408
[92mINFO [0m:        HospitalB (n=2860):
[92mINFO [0m:          auroc       : 0.7379
[92mINFO [0m:          eval_loss   : 0.6750
[92mINFO [0m:          sensitivity : 0.6205
[92mINFO [0m:          specificity : 0.7575
[92mINFO [0m:          precision   : 0.6092
[92mINFO [0m:          f1          : 0.6148
[92mINFO [0m:        HospitalA (n=5490):
[92mINFO [0m:          auroc       : 0.7275
[92mINFO [0m:          eval_loss   : 0.6760
[92mINFO [0m:          sensitivity : 0.6839
[92mINFO [0m:          specificity : 0.6785
[92mINFO [0m:          precision   : 0.6543
[92mINFO [0m:          f1          : 0.6688
[92mINFO [0m:      AGGREGATED METRICS:
[92mINFO [0m:        auroc       : 0.7277
[92mINFO [0m:        sensitivity : 0.6455
[92mINFO [0m:        specificity : 0.7109
[92mINFO [0m:        precision   : 0.6542
[92mINFO [0m:        f1          : 0.6498
[92mINFO [0m:      ✓ New best model! Round 4, AUROC: 0.7277
[92mINFO [0m:        Model saved to models/job634_Sarthi_round4_auroc7277.pt
[92mINFO [0m:      	└──> Aggregated MetricRecord: {'auroc': 0.7277324805756541, 'sensitivity': 0.6454849498327759, 'specificity': 0.7108554277138569, 'precision': 0.6542372881355932, 'f1': 0.64983164983165}
[92mINFO [0m:      
[92mINFO [0m:      [ROUND 5/100]
[92mINFO [0m:      configure_train: Sampled 3 nodes (out of 3)
[36m(ClientAppActor pid=1072759)[0m /usr/lib/python3.12/multiprocessing/popen_fork.py:66: DeprecationWarning: This process (pid=1072759) is multi-threaded, use of fork() may lead to deadlocks in the child.[32m [repeated 3x across cluster][0m
[36m(ClientAppActor pid=1072759)[0m   self.pid = os.fork()[32m [repeated 3x across cluster][0m
[36m(ClientAppActor pid=1072758)[0m /scratch/hackathon-venv/lib/python3.12/site-packages/torch/utils/data/_utils/pin_memory.py:57: DeprecationWarning: The argument 'device' of Tensor.pin_memory() is deprecated. Please do not pass this argument. (Triggered internally at /pytorch/aten/src/ATen/native/Memory.cpp:46.)[32m [repeated 3x across cluster][0m
[36m(ClientAppActor pid=1072758)[0m   return data.pin_memory(device)[32m [repeated 6x across cluster][0m
[36m(ClientAppActor pid=1072758)[0m /scratch/hackathon-venv/lib/python3.12/site-packages/torch/utils/data/_utils/pin_memory.py:57: DeprecationWarning: The argument 'device' of Tensor.is_pinned() is deprecated. Please do not pass this argument. (Triggered internally at /pytorch/aten/src/ATen/native/Memory.cpp:31.)[32m [repeated 3x across cluster][0m
[92mINFO [0m:      aggregate_train: Received 3 results and 0 failures
[92mINFO [0m:      	└──> Aggregated MetricRecord: {'partition-id': 0.7453931785883467, 'train_loss': 0.3340546667420158}
[92mINFO [0m:      configure_evaluate: Sampled 3 nodes (out of 3)
[92mINFO [0m:      METRICS BY HOSPITAL
[92mINFO [0m:        HospitalB (n=2860):
[92mINFO [0m:          auroc       : 0.7609
[92mINFO [0m:          eval_loss   : 0.7346
[92mINFO [0m:          sensitivity : 0.6944
[92mINFO [0m:          specificity : 0.7147
[92mINFO [0m:          precision   : 0.5973
[92mINFO [0m:          f1          : 0.6422
[92mINFO [0m:        HospitalC (n=2730):
[92mINFO [0m:          auroc       : 0.7109
[92mINFO [0m:          eval_loss   : 0.6862
[92mINFO [0m:          sensitivity : 0.6064
[92mINFO [0m:          specificity : 0.7217
[92mINFO [0m:          precision   : 0.7010
[92mINFO [0m:          f1          : 0.6502
[92mINFO [0m:        HospitalA (n=5490):
[92mINFO [0m:          auroc       : 0.7380
[92mINFO [0m:          eval_loss   : 0.7087
[92mINFO [0m:          sensitivity : 0.6809
[92mINFO [0m:          specificity : 0.7074
[92mINFO [0m:          precision   : 0.6743
[92mINFO [0m:          f1          : 0.6776
[92mINFO [0m:      AGGREGATED METRICS:
[92mINFO [0m:        auroc       : 0.7410
[92mINFO [0m:        sensitivity : 0.6630
[92mINFO [0m:        specificity : 0.7127
[92mINFO [0m:        precision   : 0.6617
[92mINFO [0m:        f1          : 0.6623
[92mINFO [0m:      ✓ New best model! Round 5, AUROC: 0.7410
[92mINFO [0m:        Model saved to models/job634_Sarthi_round5_auroc7409.pt
[92mINFO [0m:      	└──> Aggregated MetricRecord: {'auroc': 0.7409932259722884, 'sensitivity': 0.6629942947078497, 'specificity': 0.7126896781724196, 'precision': 0.661692519143923, 'f1': 0.6623427672955974}
[92mINFO [0m:      
[92mINFO [0m:      [ROUND 6/100]
[92mINFO [0m:      configure_train: Sampled 3 nodes (out of 3)
[36m(ClientAppActor pid=1072759)[0m /usr/lib/python3.12/multiprocessing/popen_fork.py:66: DeprecationWarning: This process (pid=1072759) is multi-threaded, use of fork() may lead to deadlocks in the child.[32m [repeated 3x across cluster][0m
[36m(ClientAppActor pid=1072759)[0m   self.pid = os.fork()[32m [repeated 3x across cluster][0m
[36m(ClientAppActor pid=1072759)[0m /scratch/hackathon-venv/lib/python3.12/site-packages/torch/utils/data/_utils/pin_memory.py:57: DeprecationWarning: The argument 'device' of Tensor.pin_memory() is deprecated. Please do not pass this argument. (Triggered internally at /pytorch/aten/src/ATen/native/Memory.cpp:46.)[32m [repeated 3x across cluster][0m
[36m(ClientAppActor pid=1072759)[0m   return data.pin_memory(device)[32m [repeated 6x across cluster][0m
[36m(ClientAppActor pid=1072759)[0m /scratch/hackathon-venv/lib/python3.12/site-packages/torch/utils/data/_utils/pin_memory.py:57: DeprecationWarning: The argument 'device' of Tensor.is_pinned() is deprecated. Please do not pass this argument. (Triggered internally at /pytorch/aten/src/ATen/native/Memory.cpp:31.)[32m [repeated 3x across cluster][0m
[92mINFO [0m:      aggregate_train: Received 3 results and 0 failures
[92mINFO [0m:      	└──> Aggregated MetricRecord: {'partition-id': 0.7453931785883467, 'train_loss': 0.3320339190820845}
[92mINFO [0m:      configure_evaluate: Sampled 3 nodes (out of 3)
[92mINFO [0m:      METRICS BY HOSPITAL
[92mINFO [0m:        HospitalC (n=2730):
[92mINFO [0m:          auroc       : 0.7138
[92mINFO [0m:          eval_loss   : 0.6513
[92mINFO [0m:          sensitivity : 0.6989
[92mINFO [0m:          specificity : 0.6327
[92mINFO [0m:          precision   : 0.6719
[92mINFO [0m:          f1          : 0.6851
[92mINFO [0m:        HospitalB (n=2860):
[92mINFO [0m:          auroc       : 0.7610
[92mINFO [0m:          eval_loss   : 0.6083
[92mINFO [0m:          sensitivity : 0.6731
[92mINFO [0m:          specificity : 0.7349
[92mINFO [0m:          precision   : 0.6075
[92mINFO [0m:          f1          : 0.6386
[92mINFO [0m:        HospitalA (n=5490):
[92mINFO [0m:          auroc       : 0.7409
[92mINFO [0m:          eval_loss   : 0.6324
[92mINFO [0m:          sensitivity : 0.6720
[92mINFO [0m:          specificity : 0.7139
[92mINFO [0m:          precision   : 0.6764
[92mINFO [0m:          f1          : 0.6742
[92mINFO [0m:      AGGREGATED METRICS:
[92mINFO [0m:        auroc       : 0.7430
[92mINFO [0m:        sensitivity : 0.6797
[92mINFO [0m:        specificity : 0.7024
[92mINFO [0m:        precision   : 0.6594
[92mINFO [0m:        f1          : 0.6694
[92mINFO [0m:      ✓ New best model! Round 6, AUROC: 0.7430
[92mINFO [0m:        Model saved to models/job634_Sarthi_round6_auroc7430.pt
[92mINFO [0m:      	└──> Aggregated MetricRecord: {'auroc': 0.7430281144900603, 'sensitivity': 0.6797167027346055, 'specificity': 0.7023511755877939, 'precision': 0.6593511450381679, 'f1': 0.6693790564758307}
[92mINFO [0m:      
[92mINFO [0m:      [ROUND 7/100]
[92mINFO [0m:      configure_train: Sampled 3 nodes (out of 3)
[36m(ClientAppActor pid=1072759)[0m /usr/lib/python3.12/multiprocessing/popen_fork.py:66: DeprecationWarning: This process (pid=1072759) is multi-threaded, use of fork() may lead to deadlocks in the child.[32m [repeated 3x across cluster][0m
[36m(ClientAppActor pid=1072759)[0m   self.pid = os.fork()[32m [repeated 3x across cluster][0m
[36m(ClientAppActor pid=1072757)[0m /scratch/hackathon-venv/lib/python3.12/site-packages/torch/utils/data/_utils/pin_memory.py:57: DeprecationWarning: The argument 'device' of Tensor.pin_memory() is deprecated. Please do not pass this argument. (Triggered internally at /pytorch/aten/src/ATen/native/Memory.cpp:46.)[32m [repeated 3x across cluster][0m
[36m(ClientAppActor pid=1072757)[0m   return data.pin_memory(device)[32m [repeated 6x across cluster][0m
[36m(ClientAppActor pid=1072757)[0m /scratch/hackathon-venv/lib/python3.12/site-packages/torch/utils/data/_utils/pin_memory.py:57: DeprecationWarning: The argument 'device' of Tensor.is_pinned() is deprecated. Please do not pass this argument. (Triggered internally at /pytorch/aten/src/ATen/native/Memory.cpp:31.)[32m [repeated 3x across cluster][0m
[92mINFO [0m:      aggregate_train: Received 3 results and 0 failures
[92mINFO [0m:      	└──> Aggregated MetricRecord: {'partition-id': 0.7453931785883467, 'train_loss': 0.3257842649542536}
[92mINFO [0m:      configure_evaluate: Sampled 3 nodes (out of 3)
[92mINFO [0m:      METRICS BY HOSPITAL
[92mINFO [0m:        HospitalB (n=2860):
[92mINFO [0m:          auroc       : 0.7658
[92mINFO [0m:          eval_loss   : 0.6357
[92mINFO [0m:          sensitivity : 0.6482
[92mINFO [0m:          specificity : 0.7625
[92mINFO [0m:          precision   : 0.6246
[92mINFO [0m:          f1          : 0.6362
[92mINFO [0m:        HospitalC (n=2730):
[92mINFO [0m:          auroc       : 0.7195
[92mINFO [0m:          eval_loss   : 0.6406
[92mINFO [0m:          sensitivity : 0.6926
[92mINFO [0m:          specificity : 0.6487
[92mINFO [0m:          precision   : 0.6796
[92mINFO [0m:          f1          : 0.6860
[92mINFO [0m:        HospitalA (n=5490):
[92mINFO [0m:          auroc       : 0.7450
[92mINFO [0m:          eval_loss   : 0.6412
[92mINFO [0m:          sensitivity : 0.6928
[92mINFO [0m:          specificity : 0.6995
[92mINFO [0m:          precision   : 0.6723
[92mINFO [0m:          f1          : 0.6824
[92mINFO [0m:      AGGREGATED METRICS:
[92mINFO [0m:        auroc       : 0.7481
[92mINFO [0m:        sensitivity : 0.6833
[92mINFO [0m:        specificity : 0.7070
[92mINFO [0m:        precision   : 0.6641
[92mINFO [0m:        f1          : 0.6735
[92mINFO [0m:      ✓ New best model! Round 7, AUROC: 0.7481
[92mINFO [0m:        Model saved to models/job634_Sarthi_round7_auroc7480.pt
[92mINFO [0m:      	└──> Aggregated MetricRecord: {'auroc': 0.7480909121358502, 'sensitivity': 0.6832579185520362, 'specificity': 0.7070201767550441, 'precision': 0.6640535372848948, 'f1': 0.6735188596916514}
[92mINFO [0m:      
[92mINFO [0m:      [ROUND 8/100]
[92mINFO [0m:      configure_train: Sampled 3 nodes (out of 3)
[36m(ClientAppActor pid=1072759)[0m /usr/lib/python3.12/multiprocessing/popen_fork.py:66: DeprecationWarning: This process (pid=1072759) is multi-threaded, use of fork() may lead to deadlocks in the child.[32m [repeated 3x across cluster][0m
[36m(ClientAppActor pid=1072759)[0m   self.pid = os.fork()[32m [repeated 3x across cluster][0m
[36m(ClientAppActor pid=1072759)[0m /scratch/hackathon-venv/lib/python3.12/site-packages/torch/utils/data/_utils/pin_memory.py:57: DeprecationWarning: The argument 'device' of Tensor.pin_memory() is deprecated. Please do not pass this argument. (Triggered internally at /pytorch/aten/src/ATen/native/Memory.cpp:46.)[32m [repeated 3x across cluster][0m
[36m(ClientAppActor pid=1072759)[0m   return data.pin_memory(device)[32m [repeated 6x across cluster][0m
[36m(ClientAppActor pid=1072759)[0m /scratch/hackathon-venv/lib/python3.12/site-packages/torch/utils/data/_utils/pin_memory.py:57: DeprecationWarning: The argument 'device' of Tensor.is_pinned() is deprecated. Please do not pass this argument. (Triggered internally at /pytorch/aten/src/ATen/native/Memory.cpp:31.)[32m [repeated 3x across cluster][0m
[92mINFO [0m:      aggregate_train: Received 3 results and 0 failures
[92mINFO [0m:      	└──> Aggregated MetricRecord: {'partition-id': 0.7453931785883467, 'train_loss': 0.3229546885536987}
[92mINFO [0m:      configure_evaluate: Sampled 3 nodes (out of 3)
[92mINFO [0m:      METRICS BY HOSPITAL
[92mINFO [0m:        HospitalC (n=2730):
[92mINFO [0m:          auroc       : 0.7252
[92mINFO [0m:          eval_loss   : 0.6354
[92mINFO [0m:          sensitivity : 0.6770
[92mINFO [0m:          specificity : 0.6669
[92mINFO [0m:          precision   : 0.6862
[92mINFO [0m:          f1          : 0.6816
[92mINFO [0m:        HospitalB (n=2860):
[92mINFO [0m:          auroc       : 0.7733
[92mINFO [0m:          eval_loss   : 0.6189
[92mINFO [0m:          sensitivity : 0.7424
[92mINFO [0m:          specificity : 0.6719
[92mINFO [0m:          precision   : 0.5797
[92mINFO [0m:          f1          : 0.6510
[92mINFO [0m:        HospitalA (n=5490):
[92mINFO [0m:          auroc       : 0.7461
[92mINFO [0m:          eval_loss   : 0.6331
[92mINFO [0m:          sensitivity : 0.6928
[92mINFO [0m:          specificity : 0.7022
[92mINFO [0m:          precision   : 0.6743
[92mINFO [0m:          f1          : 0.6835
[92mINFO [0m:      AGGREGATED METRICS:
[92mINFO [0m:        auroc       : 0.7515
[92mINFO [0m:        sensitivity : 0.6990
[92mINFO [0m:        specificity : 0.6855
[92mINFO [0m:        precision   : 0.6532
[92mINFO [0m:        f1          : 0.6753
[92mINFO [0m:      ✓ New best model! Round 8, AUROC: 0.7515
[92mINFO [0m:        Model saved to models/job634_Sarthi_round8_auroc7514.pt
[92mINFO [0m:      	└──> Aggregated MetricRecord: {'auroc': 0.7514792710146141, 'sensitivity': 0.6989966555183946, 'specificity': 0.6855094213773554, 'precision': 0.6532450818165104, 'f1': 0.6753468922258127}
[92mINFO [0m:      
[92mINFO [0m:      [ROUND 9/100]
[92mINFO [0m:      configure_train: Sampled 3 nodes (out of 3)
[36m(ClientAppActor pid=1072758)[0m /usr/lib/python3.12/multiprocessing/popen_fork.py:66: DeprecationWarning: This process (pid=1072758) is multi-threaded, use of fork() may lead to deadlocks in the child.[32m [repeated 3x across cluster][0m
[36m(ClientAppActor pid=1072758)[0m   self.pid = os.fork()[32m [repeated 3x across cluster][0m
[36m(ClientAppActor pid=1072757)[0m /scratch/hackathon-venv/lib/python3.12/site-packages/torch/utils/data/_utils/pin_memory.py:57: DeprecationWarning: The argument 'device' of Tensor.pin_memory() is deprecated. Please do not pass this argument. (Triggered internally at /pytorch/aten/src/ATen/native/Memory.cpp:46.)[32m [repeated 3x across cluster][0m
[36m(ClientAppActor pid=1072757)[0m   return data.pin_memory(device)[32m [repeated 6x across cluster][0m
[36m(ClientAppActor pid=1072757)[0m /scratch/hackathon-venv/lib/python3.12/site-packages/torch/utils/data/_utils/pin_memory.py:57: DeprecationWarning: The argument 'device' of Tensor.is_pinned() is deprecated. Please do not pass this argument. (Triggered internally at /pytorch/aten/src/ATen/native/Memory.cpp:31.)[32m [repeated 3x across cluster][0m
[2025-11-14T23:32:09] error: *** JOB 634 ON gpu-workers-1 CANCELLED AT 2025-11-14T23:32:09 DUE TO TIME LIMIT ***
=== Copying best model ===
  job634_Sarthi_round8_auroc7514.pt
=== Job 634 finished with exit code 0 ===
