=== Job 899 started at Sat Nov 15 00:44:36 UTC 2025 on gpu-workers-0 ===
=== Running: flwr run . cluster-gpu ===
Loading project configuration... 
Success
[92mINFO [0m:      Device: AMD Instinct MI300X VF
[92mINFO [0m:      W&B disabled (credentials not provided). Set WANDB_API_KEY, WANDB_ENTITY, and WANDB_PROJECT to enable.
Downloading: "https://download.pytorch.org/models/efficientnet_b0_rwightman-7f5810bc.pth" to /tmp/job-899/xdg-cache/torch/hub/checkpoints/efficientnet_b0_rwightman-7f5810bc.pth
  0%|          | 0.00/20.5M [00:00<?, ?B/s] 34%|███▎      | 6.88M/20.5M [00:00<00:00, 70.8MB/s] 67%|██████▋   | 13.8M/20.5M [00:00<00:00, 66.4MB/s]100%|██████████| 20.5M/20.5M [00:00<00:00, 90.8MB/s]
[92mINFO [0m:      Starting HackathonFedAvg strategy:
[92mINFO [0m:      	├── Number of rounds: 100
[92mINFO [0m:      	├── ArrayRecord (15.49 MB)
[92mINFO [0m:      	├── ConfigRecord (train): {'lr': 0.05}
[92mINFO [0m:      	├── ConfigRecord (evaluate): (empty!)
[92mINFO [0m:      	├──> Sampling:
[92mINFO [0m:      	│	├──Fraction: train (1.00) | evaluate ( 1.00)
[92mINFO [0m:      	│	├──Minimum nodes: train (2) | evaluate (2)
[92mINFO [0m:      	│	└──Minimum available nodes: 2
[92mINFO [0m:      	└──> Keys in records:
[92mINFO [0m:      		├── Weighted by: 'num-examples'
[92mINFO [0m:      		├── ArrayRecord key: 'arrays'
[92mINFO [0m:      		└── ConfigRecord key: 'config'
[92mINFO [0m:      
[92mINFO [0m:      
[92mINFO [0m:      [ROUND 1/100]
[92mINFO [0m:      configure_train: Sampled 3 nodes (out of 3)
[36m(ClientAppActor pid=3332707)[0m /usr/lib/python3.12/multiprocessing/popen_fork.py:66: DeprecationWarning: This process (pid=3332707) is multi-threaded, use of fork() may lead to deadlocks in the child.
[36m(ClientAppActor pid=3332707)[0m   self.pid = os.fork()
[36m(ClientAppActor pid=3332709)[0m /scratch/hackathon-venv/lib/python3.12/site-packages/torch/utils/data/_utils/pin_memory.py:57: DeprecationWarning: The argument 'device' of Tensor.pin_memory() is deprecated. Please do not pass this argument. (Triggered internally at /pytorch/aten/src/ATen/native/Memory.cpp:46.)
[36m(ClientAppActor pid=3332709)[0m   return data.pin_memory(device)
[36m(ClientAppActor pid=3332709)[0m /scratch/hackathon-venv/lib/python3.12/site-packages/torch/utils/data/_utils/pin_memory.py:57: DeprecationWarning: The argument 'device' of Tensor.is_pinned() is deprecated. Please do not pass this argument. (Triggered internally at /pytorch/aten/src/ATen/native/Memory.cpp:31.)
[36m(ClientAppActor pid=3332709)[0m   return data.pin_memory(device)
[36m(ClientAppActor pid=3332708)[0m /scratch/team04/899/repo/cold_start_hackathon/task.py:388: UserWarning: Detected call of `lr_scheduler.step()` before `optimizer.step()`. In PyTorch 1.1.0 and later, you should call them in the opposite order: `optimizer.step()` before `lr_scheduler.step()`.  Failure to do this will result in PyTorch skipping the first value of the learning rate schedule. See more details at https://pytorch.org/docs/stable/optim.html#how-to-adjust-learning-rate
[36m(ClientAppActor pid=3332708)[0m   scheduler.step()
[36m(ClientAppActor pid=3332708)[0m /usr/lib/python3.12/multiprocessing/popen_fork.py:66: DeprecationWarning: This process (pid=3332708) is multi-threaded, use of fork() may lead to deadlocks in the child.[32m [repeated 2x across cluster] (Ray deduplicates logs by default. Set RAY_DEDUP_LOGS=0 to disable log deduplication, or see https://docs.ray.io/en/master/ray-observability/user-guides/configure-logging.html#log-deduplication for more options.)[0m
[36m(ClientAppActor pid=3332708)[0m   self.pid = os.fork()[32m [repeated 2x across cluster][0m
[36m(ClientAppActor pid=3332708)[0m /scratch/hackathon-venv/lib/python3.12/site-packages/torch/utils/data/_utils/pin_memory.py:57: DeprecationWarning: The argument 'device' of Tensor.pin_memory() is deprecated. Please do not pass this argument. (Triggered internally at /pytorch/aten/src/ATen/native/Memory.cpp:46.)[32m [repeated 2x across cluster][0m
[36m(ClientAppActor pid=3332708)[0m   return data.pin_memory(device)[32m [repeated 4x across cluster][0m
[36m(ClientAppActor pid=3332708)[0m /scratch/hackathon-venv/lib/python3.12/site-packages/torch/utils/data/_utils/pin_memory.py:57: DeprecationWarning: The argument 'device' of Tensor.is_pinned() is deprecated. Please do not pass this argument. (Triggered internally at /pytorch/aten/src/ATen/native/Memory.cpp:31.)[32m [repeated 2x across cluster][0m
[92mINFO [0m:      aggregate_train: Received 3 results and 0 failures
[92mINFO [0m:      	└──> Aggregated MetricRecord: {'partition-id': 0.7453931785883467, 'train_loss': 0.8493261554198308}
[92mINFO [0m:      configure_evaluate: Sampled 3 nodes (out of 3)
[92mINFO [0m:      METRICS BY HOSPITAL
[92mINFO [0m:        HospitalC (n=2730):
[92mINFO [0m:          auroc       : 0.5071
[92mINFO [0m:          eval_loss   : 11.2815
[92mINFO [0m:          sensitivity : 1.0000
[92mINFO [0m:          specificity : 0.0000
[92mINFO [0m:          precision   : 0.5183
[92mINFO [0m:          f1          : 0.6828
[92mINFO [0m:        HospitalB (n=2860):
[92mINFO [0m:          auroc       : 0.5060
[92mINFO [0m:          eval_loss   : 14.6853
[92mINFO [0m:          sensitivity : 1.0000
[92mINFO [0m:          specificity : 0.0000
[92mINFO [0m:          precision   : 0.3787
[92mINFO [0m:          f1          : 0.5493
[92mINFO [0m:        HospitalA (n=5490):
[92mINFO [0m:          auroc       : 0.4941
[92mINFO [0m:          eval_loss   : 12.5354
[92mINFO [0m:          sensitivity : 1.0000
[92mINFO [0m:          specificity : 0.0000
[92mINFO [0m:          precision   : 0.4709
[92mINFO [0m:          f1          : 0.6402
[92mINFO [0m:      AGGREGATED METRICS:
[92mINFO [0m:        auroc       : 0.5003
[92mINFO [0m:        sensitivity : 1.0000
[92mINFO [0m:        specificity : 0.0000
[92mINFO [0m:        precision   : 0.4588
[92mINFO [0m:        f1          : 0.6290
[92mINFO [0m:      ✓ New best model! Round 1, AUROC: 0.5003
[92mINFO [0m:        Model saved to models/job899_sarthi_round1_auroc5002.pt
[92mINFO [0m:      	└──> Aggregated MetricRecord: {'auroc': 0.5002645266498421, 'sensitivity': 1.0, 'specificity': 0.0, 'precision': 0.4587545126353791, 'f1': 0.6289673946668316}
[92mINFO [0m:      
[92mINFO [0m:      [ROUND 2/100]
[92mINFO [0m:      configure_train: Sampled 3 nodes (out of 3)
[36m(ClientAppActor pid=3332709)[0m /usr/lib/python3.12/multiprocessing/popen_fork.py:66: DeprecationWarning: This process (pid=3332709) is multi-threaded, use of fork() may lead to deadlocks in the child.
[36m(ClientAppActor pid=3332709)[0m   self.pid = os.fork()
[36m(ClientAppActor pid=3332707)[0m /usr/lib/python3.12/multiprocessing/popen_fork.py:66: DeprecationWarning: This process (pid=3332707) is multi-threaded, use of fork() may lead to deadlocks in the child.
[36m(ClientAppActor pid=3332707)[0m   self.pid = os.fork()
[36m(ClientAppActor pid=3332709)[0m /scratch/hackathon-venv/lib/python3.12/site-packages/torch/utils/data/_utils/pin_memory.py:57: DeprecationWarning: The argument 'device' of Tensor.pin_memory() is deprecated. Please do not pass this argument. (Triggered internally at /pytorch/aten/src/ATen/native/Memory.cpp:46.)
[36m(ClientAppActor pid=3332709)[0m   return data.pin_memory(device)
[36m(ClientAppActor pid=3332709)[0m /scratch/hackathon-venv/lib/python3.12/site-packages/torch/utils/data/_utils/pin_memory.py:57: DeprecationWarning: The argument 'device' of Tensor.is_pinned() is deprecated. Please do not pass this argument. (Triggered internally at /pytorch/aten/src/ATen/native/Memory.cpp:31.)
[36m(ClientAppActor pid=3332709)[0m   return data.pin_memory(device)
[92mINFO [0m:      aggregate_train: Received 3 results and 0 failures
[92mINFO [0m:      	└──> Aggregated MetricRecord: {'partition-id': 0.7453931785883467, 'train_loss': 0.358842052381214}
[92mINFO [0m:      configure_evaluate: Sampled 3 nodes (out of 3)
[92mINFO [0m:      METRICS BY HOSPITAL
[92mINFO [0m:        HospitalC (n=2730):
[92mINFO [0m:          auroc       : 0.5000
[92mINFO [0m:          eval_loss   : nan
[92mINFO [0m:          sensitivity : 0.0000
[92mINFO [0m:          specificity : 1.0000
[92mINFO [0m:          precision   : 0.0000
[92mINFO [0m:          f1          : 0.0000
[92mINFO [0m:        HospitalB (n=2860):
[92mINFO [0m:          auroc       : 0.5000
[92mINFO [0m:          eval_loss   : nan
[92mINFO [0m:          sensitivity : 0.0000
[92mINFO [0m:          specificity : 1.0000
[92mINFO [0m:          precision   : 0.0000
[92mINFO [0m:          f1          : 0.0000
[92mINFO [0m:        HospitalA (n=5490):
[92mINFO [0m:          auroc       : 0.5000
[92mINFO [0m:          eval_loss   : nan
[92mINFO [0m:          sensitivity : 0.0000
[92mINFO [0m:          specificity : 1.0000
[92mINFO [0m:          precision   : 0.0000
[92mINFO [0m:          f1          : 0.0000
[92mINFO [0m:      AGGREGATED METRICS:
[92mINFO [0m:        auroc       : 0.5000
[92mINFO [0m:        sensitivity : 0.0000
[92mINFO [0m:        specificity : 1.0000
[92mINFO [0m:        precision   : 0.0000
[92mINFO [0m:        f1          : 0.0000
[92mINFO [0m:        Model not saved (AUROC 0.5000 ≤ best 0.5003)
[92mINFO [0m:      	└──> Aggregated MetricRecord: {'auroc': 0.5, 'sensitivity': 0.0, 'specificity': 1.0, 'precision': 0.0, 'f1': 0.0}
[92mINFO [0m:      
[92mINFO [0m:      [ROUND 3/100]
[92mINFO [0m:      configure_train: Sampled 3 nodes (out of 3)
[36m(ClientAppActor pid=3332709)[0m /usr/lib/python3.12/multiprocessing/popen_fork.py:66: DeprecationWarning: This process (pid=3332709) is multi-threaded, use of fork() may lead to deadlocks in the child.[32m [repeated 2x across cluster][0m
[36m(ClientAppActor pid=3332709)[0m   self.pid = os.fork()[32m [repeated 2x across cluster][0m
[36m(ClientAppActor pid=3332708)[0m /scratch/hackathon-venv/lib/python3.12/site-packages/torch/utils/data/_utils/pin_memory.py:57: DeprecationWarning: The argument 'device' of Tensor.pin_memory() is deprecated. Please do not pass this argument. (Triggered internally at /pytorch/aten/src/ATen/native/Memory.cpp:46.)[32m [repeated 2x across cluster][0m
[36m(ClientAppActor pid=3332708)[0m   return data.pin_memory(device)[32m [repeated 4x across cluster][0m
[36m(ClientAppActor pid=3332708)[0m /scratch/hackathon-venv/lib/python3.12/site-packages/torch/utils/data/_utils/pin_memory.py:57: DeprecationWarning: The argument 'device' of Tensor.is_pinned() is deprecated. Please do not pass this argument. (Triggered internally at /pytorch/aten/src/ATen/native/Memory.cpp:31.)[32m [repeated 2x across cluster][0m
[92mINFO [0m:      aggregate_train: Received 3 results and 0 failures
[92mINFO [0m:      	└──> Aggregated MetricRecord: {'partition-id': 0.7453931785883467, 'train_loss': 0.34529396523187905}
[92mINFO [0m:      configure_evaluate: Sampled 3 nodes (out of 3)
[92mINFO [0m:      METRICS BY HOSPITAL
[92mINFO [0m:        HospitalC (n=2730):
[92mINFO [0m:          auroc       : 0.5000
[92mINFO [0m:          eval_loss   : nan
[92mINFO [0m:          sensitivity : 0.0000
[92mINFO [0m:          specificity : 1.0000
[92mINFO [0m:          precision   : 0.0000
[92mINFO [0m:          f1          : 0.0000
[92mINFO [0m:        HospitalB (n=2860):
[92mINFO [0m:          auroc       : 0.5000
[92mINFO [0m:          eval_loss   : nan
[92mINFO [0m:          sensitivity : 0.0000
[92mINFO [0m:          specificity : 1.0000
[92mINFO [0m:          precision   : 0.0000
[92mINFO [0m:          f1          : 0.0000
[92mINFO [0m:        HospitalA (n=5490):
[92mINFO [0m:          auroc       : 0.5000
[92mINFO [0m:          eval_loss   : nan
[92mINFO [0m:          sensitivity : 0.0000
[92mINFO [0m:          specificity : 1.0000
[92mINFO [0m:          precision   : 0.0000
[92mINFO [0m:          f1          : 0.0000
[92mINFO [0m:      AGGREGATED METRICS:
[92mINFO [0m:        auroc       : 0.5000
[92mINFO [0m:        sensitivity : 0.0000
[92mINFO [0m:        specificity : 1.0000
[92mINFO [0m:        precision   : 0.0000
[92mINFO [0m:        f1          : 0.0000
[92mINFO [0m:        Model not saved (AUROC 0.5000 ≤ best 0.5003)
[92mINFO [0m:      	└──> Aggregated MetricRecord: {'auroc': 0.5, 'sensitivity': 0.0, 'specificity': 1.0, 'precision': 0.0, 'f1': 0.0}
[92mINFO [0m:      
[92mINFO [0m:      [ROUND 4/100]
[92mINFO [0m:      configure_train: Sampled 3 nodes (out of 3)
[36m(ClientAppActor pid=3332707)[0m /usr/lib/python3.12/multiprocessing/popen_fork.py:66: DeprecationWarning: This process (pid=3332707) is multi-threaded, use of fork() may lead to deadlocks in the child.[32m [repeated 3x across cluster][0m
[36m(ClientAppActor pid=3332707)[0m   self.pid = os.fork()[32m [repeated 3x across cluster][0m
[36m(ClientAppActor pid=3332707)[0m /scratch/hackathon-venv/lib/python3.12/site-packages/torch/utils/data/_utils/pin_memory.py:57: DeprecationWarning: The argument 'device' of Tensor.pin_memory() is deprecated. Please do not pass this argument. (Triggered internally at /pytorch/aten/src/ATen/native/Memory.cpp:46.)[32m [repeated 3x across cluster][0m
[36m(ClientAppActor pid=3332707)[0m   return data.pin_memory(device)[32m [repeated 6x across cluster][0m
[36m(ClientAppActor pid=3332707)[0m /scratch/hackathon-venv/lib/python3.12/site-packages/torch/utils/data/_utils/pin_memory.py:57: DeprecationWarning: The argument 'device' of Tensor.is_pinned() is deprecated. Please do not pass this argument. (Triggered internally at /pytorch/aten/src/ATen/native/Memory.cpp:31.)[32m [repeated 3x across cluster][0m
[92mINFO [0m:      aggregate_train: Received 3 results and 0 failures
[92mINFO [0m:      	└──> Aggregated MetricRecord: {'partition-id': 0.7453931785883467, 'train_loss': 0.34241761922226976}
[92mINFO [0m:      configure_evaluate: Sampled 3 nodes (out of 3)
[92mINFO [0m:      METRICS BY HOSPITAL
[92mINFO [0m:        HospitalB (n=2860):
[92mINFO [0m:          auroc       : 0.5000
[92mINFO [0m:          eval_loss   : nan
[92mINFO [0m:          sensitivity : 0.0000
[92mINFO [0m:          specificity : 1.0000
[92mINFO [0m:          precision   : 0.0000
[92mINFO [0m:          f1          : 0.0000
[92mINFO [0m:        HospitalC (n=2730):
[92mINFO [0m:          auroc       : 0.5000
[92mINFO [0m:          eval_loss   : nan
[92mINFO [0m:          sensitivity : 0.0000
[92mINFO [0m:          specificity : 1.0000
[92mINFO [0m:          precision   : 0.0000
[92mINFO [0m:          f1          : 0.0000
[92mINFO [0m:        HospitalA (n=5490):
[92mINFO [0m:          auroc       : 0.5000
[92mINFO [0m:          eval_loss   : nan
[92mINFO [0m:          sensitivity : 0.0000
[92mINFO [0m:          specificity : 1.0000
[92mINFO [0m:          precision   : 0.0000
[92mINFO [0m:          f1          : 0.0000
[92mINFO [0m:      AGGREGATED METRICS:
[92mINFO [0m:        auroc       : 0.5000
[92mINFO [0m:        sensitivity : 0.0000
[92mINFO [0m:        specificity : 1.0000
[92mINFO [0m:        precision   : 0.0000
[92mINFO [0m:        f1          : 0.0000
[92mINFO [0m:        Model not saved (AUROC 0.5000 ≤ best 0.5003)
[92mINFO [0m:      	└──> Aggregated MetricRecord: {'auroc': 0.5, 'sensitivity': 0.0, 'specificity': 1.0, 'precision': 0.0, 'f1': 0.0}
[92mINFO [0m:      
[92mINFO [0m:      [ROUND 5/100]
[92mINFO [0m:      configure_train: Sampled 3 nodes (out of 3)
[36m(ClientAppActor pid=3332707)[0m /usr/lib/python3.12/multiprocessing/popen_fork.py:66: DeprecationWarning: This process (pid=3332707) is multi-threaded, use of fork() may lead to deadlocks in the child.[32m [repeated 3x across cluster][0m
[36m(ClientAppActor pid=3332707)[0m   self.pid = os.fork()[32m [repeated 3x across cluster][0m
[36m(ClientAppActor pid=3332709)[0m /scratch/hackathon-venv/lib/python3.12/site-packages/torch/utils/data/_utils/pin_memory.py:57: DeprecationWarning: The argument 'device' of Tensor.pin_memory() is deprecated. Please do not pass this argument. (Triggered internally at /pytorch/aten/src/ATen/native/Memory.cpp:46.)[32m [repeated 3x across cluster][0m
[36m(ClientAppActor pid=3332709)[0m   return data.pin_memory(device)[32m [repeated 6x across cluster][0m
[36m(ClientAppActor pid=3332709)[0m /scratch/hackathon-venv/lib/python3.12/site-packages/torch/utils/data/_utils/pin_memory.py:57: DeprecationWarning: The argument 'device' of Tensor.is_pinned() is deprecated. Please do not pass this argument. (Triggered internally at /pytorch/aten/src/ATen/native/Memory.cpp:31.)[32m [repeated 3x across cluster][0m
[92mINFO [0m:      aggregate_train: Received 3 results and 0 failures
[92mINFO [0m:      	└──> Aggregated MetricRecord: {'partition-id': 0.7453931785883467, 'train_loss': 0.3531532517407151}
[92mINFO [0m:      configure_evaluate: Sampled 3 nodes (out of 3)
[92mINFO [0m:      METRICS BY HOSPITAL
[92mINFO [0m:        HospitalB (n=2860):
[92mINFO [0m:          auroc       : 0.5000
[92mINFO [0m:          eval_loss   : nan
[92mINFO [0m:          sensitivity : 0.0000
[92mINFO [0m:          specificity : 1.0000
[92mINFO [0m:          precision   : 0.0000
[92mINFO [0m:          f1          : 0.0000
[92mINFO [0m:        HospitalC (n=2730):
[92mINFO [0m:          auroc       : 0.5000
[92mINFO [0m:          eval_loss   : nan
[92mINFO [0m:          sensitivity : 0.0000
[92mINFO [0m:          specificity : 1.0000
[92mINFO [0m:          precision   : 0.0000
[92mINFO [0m:          f1          : 0.0000
[92mINFO [0m:        HospitalA (n=5490):
[92mINFO [0m:          auroc       : 0.5000
[92mINFO [0m:          eval_loss   : nan
[92mINFO [0m:          sensitivity : 0.0000
[92mINFO [0m:          specificity : 1.0000
[92mINFO [0m:          precision   : 0.0000
[92mINFO [0m:          f1          : 0.0000
[92mINFO [0m:      AGGREGATED METRICS:
[92mINFO [0m:        auroc       : 0.5000
[92mINFO [0m:        sensitivity : 0.0000
[92mINFO [0m:        specificity : 1.0000
[92mINFO [0m:        precision   : 0.0000
[92mINFO [0m:        f1          : 0.0000
[92mINFO [0m:        Model not saved (AUROC 0.5000 ≤ best 0.5003)
[92mINFO [0m:      	└──> Aggregated MetricRecord: {'auroc': 0.5, 'sensitivity': 0.0, 'specificity': 1.0, 'precision': 0.0, 'f1': 0.0}
[92mINFO [0m:      
[92mINFO [0m:      [ROUND 6/100]
[92mINFO [0m:      configure_train: Sampled 3 nodes (out of 3)
[36m(ClientAppActor pid=3332707)[0m /usr/lib/python3.12/multiprocessing/popen_fork.py:66: DeprecationWarning: This process (pid=3332707) is multi-threaded, use of fork() may lead to deadlocks in the child.[32m [repeated 3x across cluster][0m
[36m(ClientAppActor pid=3332707)[0m   self.pid = os.fork()[32m [repeated 3x across cluster][0m
[36m(ClientAppActor pid=3332709)[0m /scratch/hackathon-venv/lib/python3.12/site-packages/torch/utils/data/_utils/pin_memory.py:57: DeprecationWarning: The argument 'device' of Tensor.pin_memory() is deprecated. Please do not pass this argument. (Triggered internally at /pytorch/aten/src/ATen/native/Memory.cpp:46.)[32m [repeated 3x across cluster][0m
[36m(ClientAppActor pid=3332709)[0m   return data.pin_memory(device)[32m [repeated 6x across cluster][0m
[36m(ClientAppActor pid=3332709)[0m /scratch/hackathon-venv/lib/python3.12/site-packages/torch/utils/data/_utils/pin_memory.py:57: DeprecationWarning: The argument 'device' of Tensor.is_pinned() is deprecated. Please do not pass this argument. (Triggered internally at /pytorch/aten/src/ATen/native/Memory.cpp:31.)[32m [repeated 3x across cluster][0m
[36m(ClientAppActor pid=3332709)[0m Traceback (most recent call last):
[36m(ClientAppActor pid=3332709)[0m   File "/usr/lib/python3.12/multiprocessing/queues.py", line 264, in _feed
[36m(ClientAppActor pid=3332709)[0m     obj = _ForkingPickler.dumps(obj)
[36m(ClientAppActor pid=3332709)[0m           ^^^^^^^^^^^^^^^^^^^^^^^^^^
[36m(ClientAppActor pid=3332709)[0m   File "/usr/lib/python3.12/multiprocessing/reduction.py", line 51, in dumps
[36m(ClientAppActor pid=3332709)[0m     cls(buf, protocol).dump(obj)
[36m(ClientAppActor pid=3332709)[0m   File "/scratch/hackathon-venv/lib/python3.12/site-packages/torch/multiprocessing/reductions.py", line 618, in reduce_storage
[36m(ClientAppActor pid=3332709)[0m     fd, size = storage._share_fd_cpu_()
[36m(ClientAppActor pid=3332709)[0m                ^^^^^^^^^^^^^^^^^^^^^^^^
[36m(ClientAppActor pid=3332709)[0m   File "/scratch/hackathon-venv/lib/python3.12/site-packages/torch/storage.py", line 451, in wrapper
[36m(ClientAppActor pid=3332709)[0m     return fn(self, *args, **kwargs)
[36m(ClientAppActor pid=3332709)[0m            ^^^^^^^^^^^^^^^^^^^^^^^^^
[36m(ClientAppActor pid=3332709)[0m   File "/scratch/hackathon-venv/lib/python3.12/site-packages/torch/storage.py", line 526, in _share_fd_cpu_
[36m(ClientAppActor pid=3332709)[0m     return super()._share_fd_cpu_(*args, **kwargs)
[36m(ClientAppActor pid=3332709)[0m            ^^^^^^^^^^^^^^^^^^^^^^^^^^^^^^^^^^^^^^^
[36m(ClientAppActor pid=3332709)[0m RuntimeError: unable to allocate shared memory(shm) for file </torch_3442934_2444107758_114>: Resource temporarily unavailable (11)
[36m(ClientAppActor pid=3332708)[0m /usr/lib/python3.12/multiprocessing/popen_fork.py:66: DeprecationWarning: This process (pid=3332708) is multi-threaded, use of fork() may lead to deadlocks in the child.[32m [repeated 2x across cluster][0m
[36m(ClientAppActor pid=3332708)[0m   self.pid = os.fork()[32m [repeated 2x across cluster][0m
[36m(ClientAppActor pid=3332708)[0m /scratch/hackathon-venv/lib/python3.12/site-packages/torch/utils/data/_utils/pin_memory.py:57: DeprecationWarning: The argument 'device' of Tensor.pin_memory() is deprecated. Please do not pass this argument. (Triggered internally at /pytorch/aten/src/ATen/native/Memory.cpp:46.)[32m [repeated 3x across cluster][0m
[36m(ClientAppActor pid=3332708)[0m   return data.pin_memory(device)[32m [repeated 6x across cluster][0m
[36m(ClientAppActor pid=3332708)[0m /scratch/hackathon-venv/lib/python3.12/site-packages/torch/utils/data/_utils/pin_memory.py:57: DeprecationWarning: The argument 'device' of Tensor.is_pinned() is deprecated. Please do not pass this argument. (Triggered internally at /pytorch/aten/src/ATen/native/Memory.cpp:31.)[32m [repeated 3x across cluster][0m
[2025-11-15T01:04:40] error: *** JOB 899 ON gpu-workers-0 CANCELLED AT 2025-11-15T01:04:40 DUE TO TIME LIMIT ***
=== Copying best model ===
  job899_sarthi_round1_auroc5002.pt
=== Job 899 finished with exit code 0 ===
